CRITICAL - 2023-02-07 07:20:12 --> Class "App\controllers\BaseControllers" not found
in APPPATH\Controllers\CHome.php on line 7.
 1 SYSTEMPATH\Autoloader\Autoloader.php(312): include_once()
 2 SYSTEMPATH\Autoloader\Autoloader.php(289): CodeIgniter\Autoloader\Autoloader->includeFile('APPPATH\\Controllers\\CHome.php')
 3 SYSTEMPATH\Autoloader\Autoloader.php(267): CodeIgniter\Autoloader\Autoloader->loadInNamespace('App\\Controllers\\CHome')
 4 [internal function]: CodeIgniter\Autoloader\Autoloader->loadClass('App\\Controllers\\CHome')
 5 SYSTEMPATH\CodeIgniter.php(892): class_exists('\\App\\Controllers\\CHome', true)
 6 SYSTEMPATH\CodeIgniter.php(486): CodeIgniter\CodeIgniter->startController()
 7 SYSTEMPATH\CodeIgniter.php(368): CodeIgniter\CodeIgniter->handleRequest(null, Object(Config\Cache), false)
 8 FCPATH\index.php(67): CodeIgniter\CodeIgniter->run()
 9 SYSTEMPATH\Commands\Server\rewrite.php(47): require_once('FCPATH\\index.php')
CRITICAL - 2023-02-07 07:20:27 --> Class "App\controllers\BaseControllers" not found
in APPPATH\Controllers\CHome.php on line 7.
 1 SYSTEMPATH\Autoloader\Autoloader.php(312): include_once()
 2 SYSTEMPATH\Autoloader\Autoloader.php(289): CodeIgniter\Autoloader\Autoloader->includeFile('APPPATH\\Controllers\\CHome.php')
 3 SYSTEMPATH\Autoloader\Autoloader.php(267): CodeIgniter\Autoloader\Autoloader->loadInNamespace('App\\Controllers\\CHome')
 4 [internal function]: CodeIgniter\Autoloader\Autoloader->loadClass('App\\Controllers\\CHome')
 5 SYSTEMPATH\CodeIgniter.php(892): class_exists('\\App\\Controllers\\CHome', true)
 6 SYSTEMPATH\CodeIgniter.php(486): CodeIgniter\CodeIgniter->startController()
 7 SYSTEMPATH\CodeIgniter.php(368): CodeIgniter\CodeIgniter->handleRequest(null, Object(Config\Cache), false)
 8 FCPATH\index.php(67): CodeIgniter\CodeIgniter->run()
 9 SYSTEMPATH\Commands\Server\rewrite.php(47): require_once('FCPATH\\index.php')
CRITICAL - 2023-02-07 07:22:51 --> Undefined variable $title
in APPPATH\Views\layout\v_template.php on line 6.
 1 APPPATH\Views\layout\v_template.php(6): CodeIgniter\Debug\Exceptions->errorHandler(2, 'Undefined variable $title', 'APPPATH\\Views\\layout\\v_template.php', 6)
 2 SYSTEMPATH\View\View.php(213): include('APPPATH\\Views\\layout\\v_template.php')
 3 SYSTEMPATH\View\View.php(216): CodeIgniter\View\View->CodeIgniter\View\{closure}()
 4 SYSTEMPATH\View\View.php(229): CodeIgniter\View\View->render('layout/v_template', [], true)
 5 SYSTEMPATH\Common.php(1177): CodeIgniter\View\View->render('home/v_home', [], true)
 6 APPPATH\Controllers\CHome.php(12): view('home/v_home', [...])
 7 SYSTEMPATH\CodeIgniter.php(934): App\controllers\CHome->index()
 8 SYSTEMPATH\CodeIgniter.php(499): CodeIgniter\CodeIgniter->runController(Object(App\controllers\CHome))
 9 SYSTEMPATH\CodeIgniter.php(368): CodeIgniter\CodeIgniter->handleRequest(null, Object(Config\Cache), false)
10 FCPATH\index.php(67): CodeIgniter\CodeIgniter->run()
11 SYSTEMPATH\Commands\Server\rewrite.php(47): require_once('FCPATH\\index.php')
CRITICAL - 2023-02-07 07:22:52 --> Undefined variable $title
in APPPATH\Views\layout\v_template.php on line 6.
 1 APPPATH\Views\layout\v_template.php(6): CodeIgniter\Debug\Exceptions->errorHandler(2, 'Undefined variable $title', 'APPPATH\\Views\\layout\\v_template.php', 6)
 2 SYSTEMPATH\View\View.php(213): include('APPPATH\\Views\\layout\\v_template.php')
 3 SYSTEMPATH\View\View.php(216): CodeIgniter\View\View->CodeIgniter\View\{closure}()
 4 SYSTEMPATH\View\View.php(229): CodeIgniter\View\View->render('layout/v_template', [], true)
 5 SYSTEMPATH\Common.php(1177): CodeIgniter\View\View->render('home/v_home', [], true)
 6 APPPATH\Controllers\CHome.php(12): view('home/v_home', [...])
 7 SYSTEMPATH\CodeIgniter.php(934): App\controllers\CHome->index()
 8 SYSTEMPATH\CodeIgniter.php(499): CodeIgniter\CodeIgniter->runController(Object(App\controllers\CHome))
 9 SYSTEMPATH\CodeIgniter.php(368): CodeIgniter\CodeIgniter->handleRequest(null, Object(Config\Cache), false)
10 FCPATH\index.php(67): CodeIgniter\CodeIgniter->run()
11 SYSTEMPATH\Commands\Server\rewrite.php(47): require_once('FCPATH\\index.php')
CRITICAL - 2023-02-07 07:30:27 --> Invalid file: "info/v_template.php"
in SYSTEMPATH\Exceptions\FrameworkException.php on line 33.
 1 SYSTEMPATH\View\View.php(201): CodeIgniter\Exceptions\FrameworkException::forInvalidFile('info/v_template.php')
 2 SYSTEMPATH\View\View.php(229): CodeIgniter\View\View->render('info/v_template', [], true)
 3 SYSTEMPATH\Common.php(1177): CodeIgniter\View\View->render('info/v_info', [], true)
 4 APPPATH\Controllers\CInfo.php(12): view('info/v_info', [...])
 5 SYSTEMPATH\CodeIgniter.php(934): App\Controllers\CInfo->index()
 6 SYSTEMPATH\CodeIgniter.php(499): CodeIgniter\CodeIgniter->runController(Object(App\Controllers\CInfo))
 7 SYSTEMPATH\CodeIgniter.php(368): CodeIgniter\CodeIgniter->handleRequest(null, Object(Config\Cache), false)
 8 FCPATH\index.php(67): CodeIgniter\CodeIgniter->run()
 9 SYSTEMPATH\Commands\Server\rewrite.php(47): require_once('FCPATH\\index.php')
CRITICAL - 2023-02-07 07:31:34 --> Invalid file: "CInfo/v_template.php"
in SYSTEMPATH\Exceptions\FrameworkException.php on line 33.
 1 SYSTEMPATH\View\View.php(201): CodeIgniter\Exceptions\FrameworkException::forInvalidFile('CInfo/v_template.php')
 2 SYSTEMPATH\View\View.php(229): CodeIgniter\View\View->render('CInfo/v_template', [], true)
 3 SYSTEMPATH\Common.php(1177): CodeIgniter\View\View->render('info/v_info', [], true)
 4 APPPATH\Controllers\CInfo.php(12): view('info/v_info', [...])
 5 SYSTEMPATH\CodeIgniter.php(934): App\Controllers\CInfo->index()
 6 SYSTEMPATH\CodeIgniter.php(499): CodeIgniter\CodeIgniter->runController(Object(App\Controllers\CInfo))
 7 SYSTEMPATH\CodeIgniter.php(368): CodeIgniter\CodeIgniter->handleRequest(null, Object(Config\Cache), false)
 8 FCPATH\index.php(67): CodeIgniter\CodeIgniter->run()
 9 SYSTEMPATH\Commands\Server\rewrite.php(47): require_once('FCPATH\\index.php')
