CRITICAL - 2023-02-12 10:58:40 --> syntax error, unexpected identifier "width", expecting "," or ";"
in APPPATH\Views\layout\v_template.php on line 20.
 1 SYSTEMPATH\View\View.php(216): CodeIgniter\View\View->CodeIgniter\View\{closure}()
 2 SYSTEMPATH\View\View.php(229): CodeIgniter\View\View->render('layout/v_template', [], true)
 3 SYSTEMPATH\Common.php(1177): CodeIgniter\View\View->render('home/v_home', [], true)
 4 APPPATH\Controllers\CHome.php(12): view('home/v_home', [...])
 5 SYSTEMPATH\CodeIgniter.php(934): App\controllers\CHome->index()
 6 SYSTEMPATH\CodeIgniter.php(499): CodeIgniter\CodeIgniter->runController(Object(App\controllers\CHome))
 7 SYSTEMPATH\CodeIgniter.php(368): CodeIgniter\CodeIgniter->handleRequest(null, Object(Config\Cache), false)
 8 FCPATH\index.php(67): CodeIgniter\CodeIgniter->run()
 9 SYSTEMPATH\Commands\Server\rewrite.php(47): require_once('FCPATH\\index.php')
CRITICAL - 2023-02-12 11:09:22 --> Undefined variable $tittle
in APPPATH\Views\layout\v_template.php on line 6.
 1 APPPATH\Views\layout\v_template.php(6): CodeIgniter\Debug\Exceptions->errorHandler(2, 'Undefined variable $tittle', 'APPPATH\\Views\\layout\\v_template.php', 6)
 2 SYSTEMPATH\View\View.php(213): include('APPPATH\\Views\\layout\\v_template.php')
 3 SYSTEMPATH\View\View.php(216): CodeIgniter\View\View->CodeIgniter\View\{closure}()
 4 SYSTEMPATH\View\View.php(229): CodeIgniter\View\View->render('layout/v_template', [], true)
 5 SYSTEMPATH\Common.php(1177): CodeIgniter\View\View->render('TMahasiswa/TMahasiswa', [], true)
 6 APPPATH\Controllers\CMahasiswa.php(16): view('TMahasiswa/TMahasiswa', [...])
 7 SYSTEMPATH\CodeIgniter.php(934): App\Controllers\CMahasiswa->index()
 8 SYSTEMPATH\CodeIgniter.php(499): CodeIgniter\CodeIgniter->runController(Object(App\Controllers\CMahasiswa))
 9 SYSTEMPATH\CodeIgniter.php(368): CodeIgniter\CodeIgniter->handleRequest(null, Object(Config\Cache), false)
10 FCPATH\index.php(67): CodeIgniter\CodeIgniter->run()
11 SYSTEMPATH\Commands\Server\rewrite.php(47): require_once('FCPATH\\index.php')
CRITICAL - 2023-02-12 11:11:26 --> Undefined variable $tittle
in APPPATH\Views\layout\v_template.php on line 6.
 1 APPPATH\Views\layout\v_template.php(6): CodeIgniter\Debug\Exceptions->errorHandler(2, 'Undefined variable $tittle', 'APPPATH\\Views\\layout\\v_template.php', 6)
 2 SYSTEMPATH\View\View.php(213): include('APPPATH\\Views\\layout\\v_template.php')
 3 SYSTEMPATH\View\View.php(216): CodeIgniter\View\View->CodeIgniter\View\{closure}()
 4 SYSTEMPATH\View\View.php(229): CodeIgniter\View\View->render('layout/v_template', [], true)
 5 SYSTEMPATH\Common.php(1177): CodeIgniter\View\View->render('TMahasiswa/TMahasiswa', [], true)
 6 APPPATH\Controllers\CMahasiswa.php(15): view('TMahasiswa/TMahasiswa', [...])
 7 SYSTEMPATH\CodeIgniter.php(934): App\Controllers\CMahasiswa->index()
 8 SYSTEMPATH\CodeIgniter.php(499): CodeIgniter\CodeIgniter->runController(Object(App\Controllers\CMahasiswa))
 9 SYSTEMPATH\CodeIgniter.php(368): CodeIgniter\CodeIgniter->handleRequest(null, Object(Config\Cache), false)
10 FCPATH\index.php(67): CodeIgniter\CodeIgniter->run()
11 SYSTEMPATH\Commands\Server\rewrite.php(47): require_once('FCPATH\\index.php')
CRITICAL - 2023-02-12 11:11:28 --> Undefined variable $tittle
in APPPATH\Views\layout\v_template.php on line 6.
 1 APPPATH\Views\layout\v_template.php(6): CodeIgniter\Debug\Exceptions->errorHandler(2, 'Undefined variable $tittle', 'APPPATH\\Views\\layout\\v_template.php', 6)
 2 SYSTEMPATH\View\View.php(213): include('APPPATH\\Views\\layout\\v_template.php')
 3 SYSTEMPATH\View\View.php(216): CodeIgniter\View\View->CodeIgniter\View\{closure}()
 4 SYSTEMPATH\View\View.php(229): CodeIgniter\View\View->render('layout/v_template', [], true)
 5 SYSTEMPATH\Common.php(1177): CodeIgniter\View\View->render('TMahasiswa/TMahasiswa', [], true)
 6 APPPATH\Controllers\CMahasiswa.php(15): view('TMahasiswa/TMahasiswa', [...])
 7 SYSTEMPATH\CodeIgniter.php(934): App\Controllers\CMahasiswa->index()
 8 SYSTEMPATH\CodeIgniter.php(499): CodeIgniter\CodeIgniter->runController(Object(App\Controllers\CMahasiswa))
 9 SYSTEMPATH\CodeIgniter.php(368): CodeIgniter\CodeIgniter->handleRequest(null, Object(Config\Cache), false)
10 FCPATH\index.php(67): CodeIgniter\CodeIgniter->run()
11 SYSTEMPATH\Commands\Server\rewrite.php(47): require_once('FCPATH\\index.php')
CRITICAL - 2023-02-12 11:13:43 --> Undefined variable $tittle
in APPPATH\Views\layout\v_template.php on line 6.
 1 APPPATH\Views\layout\v_template.php(6): CodeIgniter\Debug\Exceptions->errorHandler(2, 'Undefined variable $tittle', 'APPPATH\\Views\\layout\\v_template.php', 6)
 2 SYSTEMPATH\View\View.php(213): include('APPPATH\\Views\\layout\\v_template.php')
 3 SYSTEMPATH\View\View.php(216): CodeIgniter\View\View->CodeIgniter\View\{closure}()
 4 SYSTEMPATH\View\View.php(229): CodeIgniter\View\View->render('layout/v_template', [], true)
 5 SYSTEMPATH\Common.php(1177): CodeIgniter\View\View->render('TMahasiswa/TMahasiswa', [], true)
 6 APPPATH\Controllers\CMahasiswa.php(15): view('TMahasiswa/TMahasiswa', [...])
 7 SYSTEMPATH\CodeIgniter.php(934): App\Controllers\CMahasiswa->index()
 8 SYSTEMPATH\CodeIgniter.php(499): CodeIgniter\CodeIgniter->runController(Object(App\Controllers\CMahasiswa))
 9 SYSTEMPATH\CodeIgniter.php(368): CodeIgniter\CodeIgniter->handleRequest(null, Object(Config\Cache), false)
10 FCPATH\index.php(67): CodeIgniter\CodeIgniter->run()
11 SYSTEMPATH\Commands\Server\rewrite.php(47): require_once('FCPATH\\index.php')
CRITICAL - 2023-02-12 11:15:28 --> Invalid file: "CMahasiswa.php"
in SYSTEMPATH\Exceptions\FrameworkException.php on line 33.
 1 SYSTEMPATH\View\View.php(201): CodeIgniter\Exceptions\FrameworkException::forInvalidFile('CMahasiswa.php')
 2 SYSTEMPATH\Common.php(1177): CodeIgniter\View\View->render('CMahasiswa', [], true)
 3 APPPATH\Controllers\CMahasiswa.php(15): view('CMahasiswa', [...])
 4 SYSTEMPATH\CodeIgniter.php(934): App\Controllers\CMahasiswa->index()
 5 SYSTEMPATH\CodeIgniter.php(499): CodeIgniter\CodeIgniter->runController(Object(App\Controllers\CMahasiswa))
 6 SYSTEMPATH\CodeIgniter.php(368): CodeIgniter\CodeIgniter->handleRequest(null, Object(Config\Cache), false)
 7 FCPATH\index.php(67): CodeIgniter\CodeIgniter->run()
 8 SYSTEMPATH\Commands\Server\rewrite.php(47): require_once('FCPATH\\index.php')
CRITICAL - 2023-02-12 11:19:09 --> Invalid file: "CMahasiswa.php"
in SYSTEMPATH\Exceptions\FrameworkException.php on line 33.
 1 SYSTEMPATH\View\View.php(201): CodeIgniter\Exceptions\FrameworkException::forInvalidFile('CMahasiswa.php')
 2 SYSTEMPATH\Common.php(1177): CodeIgniter\View\View->render('CMahasiswa', [], true)
 3 APPPATH\Controllers\CMahasiswa.php(15): view('CMahasiswa', [...])
 4 SYSTEMPATH\CodeIgniter.php(934): App\Controllers\CMahasiswa->index()
 5 SYSTEMPATH\CodeIgniter.php(499): CodeIgniter\CodeIgniter->runController(Object(App\Controllers\CMahasiswa))
 6 SYSTEMPATH\CodeIgniter.php(368): CodeIgniter\CodeIgniter->handleRequest(null, Object(Config\Cache), false)
 7 FCPATH\index.php(67): CodeIgniter\CodeIgniter->run()
 8 SYSTEMPATH\Commands\Server\rewrite.php(47): require_once('FCPATH\\index.php')
CRITICAL - 2023-02-12 14:27:36 --> Invalid file: "CMahasiswa.php"
in SYSTEMPATH\Exceptions\FrameworkException.php on line 33.
 1 SYSTEMPATH\View\View.php(201): CodeIgniter\Exceptions\FrameworkException::forInvalidFile('CMahasiswa.php')
 2 SYSTEMPATH\Common.php(1177): CodeIgniter\View\View->render('CMahasiswa', [], true)
 3 APPPATH\Controllers\CMahasiswa.php(15): view('CMahasiswa', [...])
 4 SYSTEMPATH\CodeIgniter.php(934): App\Controllers\CMahasiswa->index()
 5 SYSTEMPATH\CodeIgniter.php(499): CodeIgniter\CodeIgniter->runController(Object(App\Controllers\CMahasiswa))
 6 SYSTEMPATH\CodeIgniter.php(368): CodeIgniter\CodeIgniter->handleRequest(null, Object(Config\Cache), false)
 7 FCPATH\index.php(67): CodeIgniter\CodeIgniter->run()
 8 SYSTEMPATH\Commands\Server\rewrite.php(47): require_once('FCPATH\\index.php')
CRITICAL - 2023-02-12 14:27:40 --> Invalid file: "CMahasiswa.php"
in SYSTEMPATH\Exceptions\FrameworkException.php on line 33.
 1 SYSTEMPATH\View\View.php(201): CodeIgniter\Exceptions\FrameworkException::forInvalidFile('CMahasiswa.php')
 2 SYSTEMPATH\Common.php(1177): CodeIgniter\View\View->render('CMahasiswa', [], true)
 3 APPPATH\Controllers\CMahasiswa.php(15): view('CMahasiswa', [...])
 4 SYSTEMPATH\CodeIgniter.php(934): App\Controllers\CMahasiswa->index()
 5 SYSTEMPATH\CodeIgniter.php(499): CodeIgniter\CodeIgniter->runController(Object(App\Controllers\CMahasiswa))
 6 SYSTEMPATH\CodeIgniter.php(368): CodeIgniter\CodeIgniter->handleRequest(null, Object(Config\Cache), false)
 7 FCPATH\index.php(67): CodeIgniter\CodeIgniter->run()
 8 SYSTEMPATH\Commands\Server\rewrite.php(47): require_once('FCPATH\\index.php')
CRITICAL - 2023-02-12 14:27:59 --> Invalid file: "CMahasiswa.php"
in SYSTEMPATH\Exceptions\FrameworkException.php on line 33.
 1 SYSTEMPATH\View\View.php(201): CodeIgniter\Exceptions\FrameworkException::forInvalidFile('CMahasiswa.php')
 2 SYSTEMPATH\Common.php(1177): CodeIgniter\View\View->render('CMahasiswa', [], true)
 3 APPPATH\Controllers\CMahasiswa.php(15): view('CMahasiswa', [...])
 4 SYSTEMPATH\CodeIgniter.php(934): App\Controllers\CMahasiswa->index()
 5 SYSTEMPATH\CodeIgniter.php(499): CodeIgniter\CodeIgniter->runController(Object(App\Controllers\CMahasiswa))
 6 SYSTEMPATH\CodeIgniter.php(368): CodeIgniter\CodeIgniter->handleRequest(null, Object(Config\Cache), false)
 7 FCPATH\index.php(67): CodeIgniter\CodeIgniter->run()
 8 SYSTEMPATH\Commands\Server\rewrite.php(47): require_once('FCPATH\\index.php')
CRITICAL - 2023-02-12 14:28:00 --> Invalid file: "CMahasiswa.php"
in SYSTEMPATH\Exceptions\FrameworkException.php on line 33.
 1 SYSTEMPATH\View\View.php(201): CodeIgniter\Exceptions\FrameworkException::forInvalidFile('CMahasiswa.php')
 2 SYSTEMPATH\Common.php(1177): CodeIgniter\View\View->render('CMahasiswa', [], true)
 3 APPPATH\Controllers\CMahasiswa.php(15): view('CMahasiswa', [...])
 4 SYSTEMPATH\CodeIgniter.php(934): App\Controllers\CMahasiswa->index()
 5 SYSTEMPATH\CodeIgniter.php(499): CodeIgniter\CodeIgniter->runController(Object(App\Controllers\CMahasiswa))
 6 SYSTEMPATH\CodeIgniter.php(368): CodeIgniter\CodeIgniter->handleRequest(null, Object(Config\Cache), false)
 7 FCPATH\index.php(67): CodeIgniter\CodeIgniter->run()
 8 SYSTEMPATH\Commands\Server\rewrite.php(47): require_once('FCPATH\\index.php')
CRITICAL - 2023-02-12 14:28:03 --> Invalid file: "CMahasiswa.php"
in SYSTEMPATH\Exceptions\FrameworkException.php on line 33.
 1 SYSTEMPATH\View\View.php(201): CodeIgniter\Exceptions\FrameworkException::forInvalidFile('CMahasiswa.php')
 2 SYSTEMPATH\Common.php(1177): CodeIgniter\View\View->render('CMahasiswa', [], true)
 3 APPPATH\Controllers\CMahasiswa.php(15): view('CMahasiswa', [...])
 4 SYSTEMPATH\CodeIgniter.php(934): App\Controllers\CMahasiswa->index()
 5 SYSTEMPATH\CodeIgniter.php(499): CodeIgniter\CodeIgniter->runController(Object(App\Controllers\CMahasiswa))
 6 SYSTEMPATH\CodeIgniter.php(368): CodeIgniter\CodeIgniter->handleRequest(null, Object(Config\Cache), false)
 7 FCPATH\index.php(67): CodeIgniter\CodeIgniter->run()
 8 SYSTEMPATH\Commands\Server\rewrite.php(47): require_once('FCPATH\\index.php')
CRITICAL - 2023-02-12 14:28:50 --> Invalid file: "CMahasiswa.php"
in SYSTEMPATH\Exceptions\FrameworkException.php on line 33.
 1 SYSTEMPATH\View\View.php(201): CodeIgniter\Exceptions\FrameworkException::forInvalidFile('CMahasiswa.php')
 2 SYSTEMPATH\Common.php(1177): CodeIgniter\View\View->render('CMahasiswa', [], true)
 3 APPPATH\Controllers\CMahasiswa.php(15): view('CMahasiswa', [...])
 4 SYSTEMPATH\CodeIgniter.php(934): App\Controllers\CMahasiswa->index()
 5 SYSTEMPATH\CodeIgniter.php(499): CodeIgniter\CodeIgniter->runController(Object(App\Controllers\CMahasiswa))
 6 SYSTEMPATH\CodeIgniter.php(368): CodeIgniter\CodeIgniter->handleRequest(null, Object(Config\Cache), false)
 7 FCPATH\index.php(67): CodeIgniter\CodeIgniter->run()
 8 SYSTEMPATH\Commands\Server\rewrite.php(47): require_once('FCPATH\\index.php')
