INFO - 2023-02-27 10:36:46 --> Session: Class initialized using 'CodeIgniter\Session\Handlers\FileHandler' driver.
INFO - 2023-02-27 10:36:46 --> Session: Class initialized using 'CodeIgniter\Session\Handlers\FileHandler' driver.
INFO - 2023-02-27 10:36:57 --> Session: Class initialized using 'CodeIgniter\Session\Handlers\FileHandler' driver.
INFO - 2023-02-27 10:36:57 --> Session: Class initialized using 'CodeIgniter\Session\Handlers\FileHandler' driver.
CRITICAL - 2023-02-27 10:38:15 --> Declaration of App\Models\MMahasiswa::update($data) must be compatible with CodeIgniter\Model::update($id = null, $data = null): bool
in APPPATH\Models\MMahasiswa.php on line 65.
 1 [internal function]: CodeIgniter\Debug\Exceptions->shutdownHandler()
INFO - 2023-02-27 10:38:17 --> Session: Class initialized using 'CodeIgniter\Session\Handlers\FileHandler' driver.
INFO - 2023-02-27 10:56:30 --> Session: Class initialized using 'CodeIgniter\Session\Handlers\FileHandler' driver.
CRITICAL - 2023-02-27 10:56:33 --> Declaration of App\Models\MMahasiswa::update($data) must be compatible with CodeIgniter\Model::update($id = null, $data = null): bool
in APPPATH\Models\MMahasiswa.php on line 65.
 1 [internal function]: CodeIgniter\Debug\Exceptions->shutdownHandler()
CRITICAL - 2023-02-27 11:07:28 --> Declaration of App\Models\MMahasiswa::update($data) must be compatible with CodeIgniter\Model::update($id = null, $data = null): bool
in APPPATH\Models\MMahasiswa.php on line 65.
 1 [internal function]: CodeIgniter\Debug\Exceptions->shutdownHandler()
CRITICAL - 2023-02-27 11:07:30 --> Declaration of App\Models\MMahasiswa::update($data) must be compatible with CodeIgniter\Model::update($id = null, $data = null): bool
in APPPATH\Models\MMahasiswa.php on line 65.
 1 [internal function]: CodeIgniter\Debug\Exceptions->shutdownHandler()
INFO - 2023-02-27 11:07:34 --> Session: Class initialized using 'CodeIgniter\Session\Handlers\FileHandler' driver.
INFO - 2023-02-27 11:13:06 --> Session: Class initialized using 'CodeIgniter\Session\Handlers\FileHandler' driver.
INFO - 2023-02-27 11:13:09 --> Session: Class initialized using 'CodeIgniter\Session\Handlers\FileHandler' driver.
INFO - 2023-02-27 11:13:11 --> Session: Class initialized using 'CodeIgniter\Session\Handlers\FileHandler' driver.
INFO - 2023-02-27 11:13:14 --> Session: Class initialized using 'CodeIgniter\Session\Handlers\FileHandler' driver.
CRITICAL - 2023-02-27 11:13:14 --> Undefined variable $getPegawai
in APPPATH\Views\pegawai\index.php on line 30.
 1 APPPATH\Views\pegawai\index.php(30): CodeIgniter\Debug\Exceptions->errorHandler(2, 'Undefined variable $getPegawai', 'APPPATH\\Views\\pegawai\\index.php', 30)
 2 SYSTEMPATH\View\View.php(213): include('APPPATH\\Views\\pegawai\\index.php')
 3 SYSTEMPATH\View\View.php(216): CodeIgniter\View\View->CodeIgniter\View\{closure}()
 4 SYSTEMPATH\Common.php(1177): CodeIgniter\View\View->render('pegawai/index', [], true)
 5 APPPATH\Controllers\CPegawai.php(43): view('pegawai/index', [...])
 6 SYSTEMPATH\CodeIgniter.php(934): App\Controllers\CPegawai->add()
 7 SYSTEMPATH\CodeIgniter.php(499): CodeIgniter\CodeIgniter->runController(Object(App\Controllers\CPegawai))
 8 SYSTEMPATH\CodeIgniter.php(368): CodeIgniter\CodeIgniter->handleRequest(null, Object(Config\Cache), false)
 9 FCPATH\index.php(67): CodeIgniter\CodeIgniter->run()
10 SYSTEMPATH\Commands\Server\rewrite.php(47): require_once('FCPATH\\index.php')
INFO - 2023-02-27 11:16:04 --> Session: Class initialized using 'CodeIgniter\Session\Handlers\FileHandler' driver.
CRITICAL - 2023-02-27 11:16:04 --> Undefined variable $getPegawai
in APPPATH\Views\pegawai\index.php on line 30.
 1 APPPATH\Views\pegawai\index.php(30): CodeIgniter\Debug\Exceptions->errorHandler(2, 'Undefined variable $getPegawai', 'APPPATH\\Views\\pegawai\\index.php', 30)
 2 SYSTEMPATH\View\View.php(213): include('APPPATH\\Views\\pegawai\\index.php')
 3 SYSTEMPATH\View\View.php(216): CodeIgniter\View\View->CodeIgniter\View\{closure}()
 4 SYSTEMPATH\Common.php(1177): CodeIgniter\View\View->render('pegawai/index', [], true)
 5 APPPATH\Controllers\CPegawai.php(43): view('pegawai/index', [...])
 6 SYSTEMPATH\CodeIgniter.php(934): App\Controllers\CPegawai->add()
 7 SYSTEMPATH\CodeIgniter.php(499): CodeIgniter\CodeIgniter->runController(Object(App\Controllers\CPegawai))
 8 SYSTEMPATH\CodeIgniter.php(368): CodeIgniter\CodeIgniter->handleRequest(null, Object(Config\Cache), false)
 9 FCPATH\index.php(67): CodeIgniter\CodeIgniter->run()
10 SYSTEMPATH\Commands\Server\rewrite.php(47): require_once('FCPATH\\index.php')
INFO - 2023-02-27 11:16:04 --> Session: Class initialized using 'CodeIgniter\Session\Handlers\FileHandler' driver.
CRITICAL - 2023-02-27 11:16:04 --> Undefined variable $getPegawai
in APPPATH\Views\pegawai\index.php on line 30.
 1 APPPATH\Views\pegawai\index.php(30): CodeIgniter\Debug\Exceptions->errorHandler(2, 'Undefined variable $getPegawai', 'APPPATH\\Views\\pegawai\\index.php', 30)
 2 SYSTEMPATH\View\View.php(213): include('APPPATH\\Views\\pegawai\\index.php')
 3 SYSTEMPATH\View\View.php(216): CodeIgniter\View\View->CodeIgniter\View\{closure}()
 4 SYSTEMPATH\Common.php(1177): CodeIgniter\View\View->render('pegawai/index', [], true)
 5 APPPATH\Controllers\CPegawai.php(43): view('pegawai/index', [...])
 6 SYSTEMPATH\CodeIgniter.php(934): App\Controllers\CPegawai->add()
 7 SYSTEMPATH\CodeIgniter.php(499): CodeIgniter\CodeIgniter->runController(Object(App\Controllers\CPegawai))
 8 SYSTEMPATH\CodeIgniter.php(368): CodeIgniter\CodeIgniter->handleRequest(null, Object(Config\Cache), false)
 9 FCPATH\index.php(67): CodeIgniter\CodeIgniter->run()
10 SYSTEMPATH\Commands\Server\rewrite.php(47): require_once('FCPATH\\index.php')
INFO - 2023-02-27 11:16:22 --> Session: Class initialized using 'CodeIgniter\Session\Handlers\FileHandler' driver.
CRITICAL - 2023-02-27 11:16:22 --> Undefined variable $getPegawai
in APPPATH\Views\pegawai\index.php on line 30.
 1 APPPATH\Views\pegawai\index.php(30): CodeIgniter\Debug\Exceptions->errorHandler(2, 'Undefined variable $getPegawai', 'APPPATH\\Views\\pegawai\\index.php', 30)
 2 SYSTEMPATH\View\View.php(213): include('APPPATH\\Views\\pegawai\\index.php')
 3 SYSTEMPATH\View\View.php(216): CodeIgniter\View\View->CodeIgniter\View\{closure}()
 4 SYSTEMPATH\Common.php(1177): CodeIgniter\View\View->render('pegawai/index', [], true)
 5 APPPATH\Controllers\CPegawai.php(43): view('pegawai/index', [...])
 6 SYSTEMPATH\CodeIgniter.php(934): App\Controllers\CPegawai->add()
 7 SYSTEMPATH\CodeIgniter.php(499): CodeIgniter\CodeIgniter->runController(Object(App\Controllers\CPegawai))
 8 SYSTEMPATH\CodeIgniter.php(368): CodeIgniter\CodeIgniter->handleRequest(null, Object(Config\Cache), false)
 9 FCPATH\index.php(67): CodeIgniter\CodeIgniter->run()
10 SYSTEMPATH\Commands\Server\rewrite.php(47): require_once('FCPATH\\index.php')
INFO - 2023-02-27 11:16:57 --> Session: Class initialized using 'CodeIgniter\Session\Handlers\FileHandler' driver.
CRITICAL - 2023-02-27 11:16:57 --> Undefined variable $getPegawai
in APPPATH\Views\pegawai\index.php on line 30.
 1 APPPATH\Views\pegawai\index.php(30): CodeIgniter\Debug\Exceptions->errorHandler(2, 'Undefined variable $getPegawai', 'APPPATH\\Views\\pegawai\\index.php', 30)
 2 SYSTEMPATH\View\View.php(213): include('APPPATH\\Views\\pegawai\\index.php')
 3 SYSTEMPATH\View\View.php(216): CodeIgniter\View\View->CodeIgniter\View\{closure}()
 4 SYSTEMPATH\Common.php(1177): CodeIgniter\View\View->render('pegawai/index', [], true)
 5 APPPATH\Controllers\CPegawai.php(43): view('pegawai/index', [...])
 6 SYSTEMPATH\CodeIgniter.php(934): App\Controllers\CPegawai->add()
 7 SYSTEMPATH\CodeIgniter.php(499): CodeIgniter\CodeIgniter->runController(Object(App\Controllers\CPegawai))
 8 SYSTEMPATH\CodeIgniter.php(368): CodeIgniter\CodeIgniter->handleRequest(null, Object(Config\Cache), false)
 9 FCPATH\index.php(67): CodeIgniter\CodeIgniter->run()
10 SYSTEMPATH\Commands\Server\rewrite.php(47): require_once('FCPATH\\index.php')
INFO - 2023-02-27 11:18:46 --> Session: Class initialized using 'CodeIgniter\Session\Handlers\FileHandler' driver.
CRITICAL - 2023-02-27 11:18:46 --> Undefined variable $getPegawai
in APPPATH\Views\pegawai\index.php on line 30.
 1 APPPATH\Views\pegawai\index.php(30): CodeIgniter\Debug\Exceptions->errorHandler(2, 'Undefined variable $getPegawai', 'APPPATH\\Views\\pegawai\\index.php', 30)
 2 SYSTEMPATH\View\View.php(213): include('APPPATH\\Views\\pegawai\\index.php')
 3 SYSTEMPATH\View\View.php(216): CodeIgniter\View\View->CodeIgniter\View\{closure}()
 4 SYSTEMPATH\Common.php(1177): CodeIgniter\View\View->render('pegawai/index', [], true)
 5 APPPATH\Controllers\CPegawai.php(45): view('pegawai/index', [...])
 6 SYSTEMPATH\CodeIgniter.php(934): App\Controllers\CPegawai->add()
 7 SYSTEMPATH\CodeIgniter.php(499): CodeIgniter\CodeIgniter->runController(Object(App\Controllers\CPegawai))
 8 SYSTEMPATH\CodeIgniter.php(368): CodeIgniter\CodeIgniter->handleRequest(null, Object(Config\Cache), false)
 9 FCPATH\index.php(67): CodeIgniter\CodeIgniter->run()
10 SYSTEMPATH\Commands\Server\rewrite.php(47): require_once('FCPATH\\index.php')
INFO - 2023-02-27 11:19:01 --> Session: Class initialized using 'CodeIgniter\Session\Handlers\FileHandler' driver.
CRITICAL - 2023-02-27 11:19:01 --> Undefined variable $getPegawai
in APPPATH\Views\pegawai\index.php on line 30.
 1 APPPATH\Views\pegawai\index.php(30): CodeIgniter\Debug\Exceptions->errorHandler(2, 'Undefined variable $getPegawai', 'APPPATH\\Views\\pegawai\\index.php', 30)
 2 SYSTEMPATH\View\View.php(213): include('APPPATH\\Views\\pegawai\\index.php')
 3 SYSTEMPATH\View\View.php(216): CodeIgniter\View\View->CodeIgniter\View\{closure}()
 4 SYSTEMPATH\Common.php(1177): CodeIgniter\View\View->render('pegawai/index', [], true)
 5 APPPATH\Controllers\CPegawai.php(45): view('pegawai/index', [...])
 6 SYSTEMPATH\CodeIgniter.php(934): App\Controllers\CPegawai->add()
 7 SYSTEMPATH\CodeIgniter.php(499): CodeIgniter\CodeIgniter->runController(Object(App\Controllers\CPegawai))
 8 SYSTEMPATH\CodeIgniter.php(368): CodeIgniter\CodeIgniter->handleRequest(null, Object(Config\Cache), false)
 9 FCPATH\index.php(67): CodeIgniter\CodeIgniter->run()
10 SYSTEMPATH\Commands\Server\rewrite.php(47): require_once('FCPATH\\index.php')
INFO - 2023-02-27 11:19:18 --> Session: Class initialized using 'CodeIgniter\Session\Handlers\FileHandler' driver.
CRITICAL - 2023-02-27 11:19:18 --> Array to string conversion
in APPPATH\Controllers\CPegawai.php on line 15.
 1 APPPATH\Controllers\CPegawai.php(15): CodeIgniter\Debug\Exceptions->errorHandler(2, 'Array to string conversion', 'APPPATH\\Controllers\\CPegawai.php', 15)
 2 SYSTEMPATH\CodeIgniter.php(934): App\Controllers\CPegawai->index()
 3 SYSTEMPATH\CodeIgniter.php(499): CodeIgniter\CodeIgniter->runController(Object(App\Controllers\CPegawai))
 4 SYSTEMPATH\CodeIgniter.php(368): CodeIgniter\CodeIgniter->handleRequest(null, Object(Config\Cache), false)
 5 FCPATH\index.php(67): CodeIgniter\CodeIgniter->run()
 6 SYSTEMPATH\Commands\Server\rewrite.php(47): require_once('FCPATH\\index.php')
INFO - 2023-02-27 11:19:24 --> Session: Class initialized using 'CodeIgniter\Session\Handlers\FileHandler' driver.
CRITICAL - 2023-02-27 11:19:24 --> Array to string conversion
in APPPATH\Controllers\CPegawai.php on line 15.
 1 APPPATH\Controllers\CPegawai.php(15): CodeIgniter\Debug\Exceptions->errorHandler(2, 'Array to string conversion', 'APPPATH\\Controllers\\CPegawai.php', 15)
 2 SYSTEMPATH\CodeIgniter.php(934): App\Controllers\CPegawai->index()
 3 SYSTEMPATH\CodeIgniter.php(499): CodeIgniter\CodeIgniter->runController(Object(App\Controllers\CPegawai))
 4 SYSTEMPATH\CodeIgniter.php(368): CodeIgniter\CodeIgniter->handleRequest(null, Object(Config\Cache), false)
 5 FCPATH\index.php(67): CodeIgniter\CodeIgniter->run()
 6 SYSTEMPATH\Commands\Server\rewrite.php(47): require_once('FCPATH\\index.php')
INFO - 2023-02-27 11:19:26 --> Session: Class initialized using 'CodeIgniter\Session\Handlers\FileHandler' driver.
CRITICAL - 2023-02-27 11:19:26 --> Array to string conversion
in APPPATH\Controllers\CPegawai.php on line 15.
 1 APPPATH\Controllers\CPegawai.php(15): CodeIgniter\Debug\Exceptions->errorHandler(2, 'Array to string conversion', 'APPPATH\\Controllers\\CPegawai.php', 15)
 2 SYSTEMPATH\CodeIgniter.php(934): App\Controllers\CPegawai->index()
 3 SYSTEMPATH\CodeIgniter.php(499): CodeIgniter\CodeIgniter->runController(Object(App\Controllers\CPegawai))
 4 SYSTEMPATH\CodeIgniter.php(368): CodeIgniter\CodeIgniter->handleRequest(null, Object(Config\Cache), false)
 5 FCPATH\index.php(67): CodeIgniter\CodeIgniter->run()
 6 SYSTEMPATH\Commands\Server\rewrite.php(47): require_once('FCPATH\\index.php')
INFO - 2023-02-27 11:19:27 --> Session: Class initialized using 'CodeIgniter\Session\Handlers\FileHandler' driver.
CRITICAL - 2023-02-27 11:19:27 --> Undefined variable $getPegawai
in APPPATH\Views\pegawai\index.php on line 30.
 1 APPPATH\Views\pegawai\index.php(30): CodeIgniter\Debug\Exceptions->errorHandler(2, 'Undefined variable $getPegawai', 'APPPATH\\Views\\pegawai\\index.php', 30)
 2 SYSTEMPATH\View\View.php(213): include('APPPATH\\Views\\pegawai\\index.php')
 3 SYSTEMPATH\View\View.php(216): CodeIgniter\View\View->CodeIgniter\View\{closure}()
 4 SYSTEMPATH\Common.php(1177): CodeIgniter\View\View->render('pegawai/index', [], true)
 5 APPPATH\Controllers\CPegawai.php(45): view('pegawai/index', [...])
 6 SYSTEMPATH\CodeIgniter.php(934): App\Controllers\CPegawai->add()
 7 SYSTEMPATH\CodeIgniter.php(499): CodeIgniter\CodeIgniter->runController(Object(App\Controllers\CPegawai))
 8 SYSTEMPATH\CodeIgniter.php(368): CodeIgniter\CodeIgniter->handleRequest(null, Object(Config\Cache), false)
 9 FCPATH\index.php(67): CodeIgniter\CodeIgniter->run()
10 SYSTEMPATH\Commands\Server\rewrite.php(47): require_once('FCPATH\\index.php')
INFO - 2023-02-27 11:20:14 --> Session: Class initialized using 'CodeIgniter\Session\Handlers\FileHandler' driver.
CRITICAL - 2023-02-27 11:20:14 --> Undefined variable $getPegawai
in APPPATH\Views\pegawai\index.php on line 30.
 1 APPPATH\Views\pegawai\index.php(30): CodeIgniter\Debug\Exceptions->errorHandler(2, 'Undefined variable $getPegawai', 'APPPATH\\Views\\pegawai\\index.php', 30)
 2 SYSTEMPATH\View\View.php(213): include('APPPATH\\Views\\pegawai\\index.php')
 3 SYSTEMPATH\View\View.php(216): CodeIgniter\View\View->CodeIgniter\View\{closure}()
 4 SYSTEMPATH\Common.php(1177): CodeIgniter\View\View->render('pegawai/index', [], true)
 5 APPPATH\Controllers\CPegawai.php(45): view('pegawai/index', [...])
 6 SYSTEMPATH\CodeIgniter.php(934): App\Controllers\CPegawai->add()
 7 SYSTEMPATH\CodeIgniter.php(499): CodeIgniter\CodeIgniter->runController(Object(App\Controllers\CPegawai))
 8 SYSTEMPATH\CodeIgniter.php(368): CodeIgniter\CodeIgniter->handleRequest(null, Object(Config\Cache), false)
 9 FCPATH\index.php(67): CodeIgniter\CodeIgniter->run()
10 SYSTEMPATH\Commands\Server\rewrite.php(47): require_once('FCPATH\\index.php')
CRITICAL - 2023-02-27 11:20:19 --> Declaration of App\Models\MMahasiswa::update($data) must be compatible with CodeIgniter\Model::update($id = null, $data = null): bool
in APPPATH\Models\MMahasiswa.php on line 65.
 1 [internal function]: CodeIgniter\Debug\Exceptions->shutdownHandler()
INFO - 2023-02-27 11:20:21 --> Session: Class initialized using 'CodeIgniter\Session\Handlers\FileHandler' driver.
CRITICAL - 2023-02-27 11:20:21 --> Undefined variable $getPegawai
in APPPATH\Views\pegawai\index.php on line 30.
 1 APPPATH\Views\pegawai\index.php(30): CodeIgniter\Debug\Exceptions->errorHandler(2, 'Undefined variable $getPegawai', 'APPPATH\\Views\\pegawai\\index.php', 30)
 2 SYSTEMPATH\View\View.php(213): include('APPPATH\\Views\\pegawai\\index.php')
 3 SYSTEMPATH\View\View.php(216): CodeIgniter\View\View->CodeIgniter\View\{closure}()
 4 SYSTEMPATH\Common.php(1177): CodeIgniter\View\View->render('pegawai/index', [], true)
 5 APPPATH\Controllers\CPegawai.php(45): view('pegawai/index', [...])
 6 SYSTEMPATH\CodeIgniter.php(934): App\Controllers\CPegawai->add()
 7 SYSTEMPATH\CodeIgniter.php(499): CodeIgniter\CodeIgniter->runController(Object(App\Controllers\CPegawai))
 8 SYSTEMPATH\CodeIgniter.php(368): CodeIgniter\CodeIgniter->handleRequest(null, Object(Config\Cache), false)
 9 FCPATH\index.php(67): CodeIgniter\CodeIgniter->run()
10 SYSTEMPATH\Commands\Server\rewrite.php(47): require_once('FCPATH\\index.php')
INFO - 2023-02-27 11:21:01 --> Session: Class initialized using 'CodeIgniter\Session\Handlers\FileHandler' driver.
CRITICAL - 2023-02-27 11:21:01 --> Undefined variable $getPegawai
in APPPATH\Views\pegawai\index.php on line 30.
 1 APPPATH\Views\pegawai\index.php(30): CodeIgniter\Debug\Exceptions->errorHandler(2, 'Undefined variable $getPegawai', 'APPPATH\\Views\\pegawai\\index.php', 30)
 2 SYSTEMPATH\View\View.php(213): include('APPPATH\\Views\\pegawai\\index.php')
 3 SYSTEMPATH\View\View.php(216): CodeIgniter\View\View->CodeIgniter\View\{closure}()
 4 SYSTEMPATH\Common.php(1177): CodeIgniter\View\View->render('pegawai/index', [], true)
 5 APPPATH\Controllers\CPegawai.php(43): view('pegawai/index', [...])
 6 SYSTEMPATH\CodeIgniter.php(934): App\Controllers\CPegawai->add()
 7 SYSTEMPATH\CodeIgniter.php(499): CodeIgniter\CodeIgniter->runController(Object(App\Controllers\CPegawai))
 8 SYSTEMPATH\CodeIgniter.php(368): CodeIgniter\CodeIgniter->handleRequest(null, Object(Config\Cache), false)
 9 FCPATH\index.php(67): CodeIgniter\CodeIgniter->run()
10 SYSTEMPATH\Commands\Server\rewrite.php(47): require_once('FCPATH\\index.php')
CRITICAL - 2023-02-27 11:21:03 --> Declaration of App\Models\MMahasiswa::update($data) must be compatible with CodeIgniter\Model::update($id = null, $data = null): bool
in APPPATH\Models\MMahasiswa.php on line 65.
 1 [internal function]: CodeIgniter\Debug\Exceptions->shutdownHandler()
INFO - 2023-02-27 11:21:07 --> Session: Class initialized using 'CodeIgniter\Session\Handlers\FileHandler' driver.
CRITICAL - 2023-02-27 11:21:07 --> Undefined variable $getPegawai
in APPPATH\Views\pegawai\index.php on line 30.
 1 APPPATH\Views\pegawai\index.php(30): CodeIgniter\Debug\Exceptions->errorHandler(2, 'Undefined variable $getPegawai', 'APPPATH\\Views\\pegawai\\index.php', 30)
 2 SYSTEMPATH\View\View.php(213): include('APPPATH\\Views\\pegawai\\index.php')
 3 SYSTEMPATH\View\View.php(216): CodeIgniter\View\View->CodeIgniter\View\{closure}()
 4 SYSTEMPATH\Common.php(1177): CodeIgniter\View\View->render('pegawai/index', [], true)
 5 APPPATH\Controllers\CPegawai.php(43): view('pegawai/index', [...])
 6 SYSTEMPATH\CodeIgniter.php(934): App\Controllers\CPegawai->add()
 7 SYSTEMPATH\CodeIgniter.php(499): CodeIgniter\CodeIgniter->runController(Object(App\Controllers\CPegawai))
 8 SYSTEMPATH\CodeIgniter.php(368): CodeIgniter\CodeIgniter->handleRequest(null, Object(Config\Cache), false)
 9 FCPATH\index.php(67): CodeIgniter\CodeIgniter->run()
10 SYSTEMPATH\Commands\Server\rewrite.php(47): require_once('FCPATH\\index.php')
INFO - 2023-02-27 11:21:08 --> Session: Class initialized using 'CodeIgniter\Session\Handlers\FileHandler' driver.
INFO - 2023-02-27 11:21:10 --> Session: Class initialized using 'CodeIgniter\Session\Handlers\FileHandler' driver.
INFO - 2023-02-27 11:21:15 --> Session: Class initialized using 'CodeIgniter\Session\Handlers\FileHandler' driver.
CRITICAL - 2023-02-27 11:21:15 --> Undefined variable $getPegawai
in APPPATH\Views\pegawai\index.php on line 30.
 1 APPPATH\Views\pegawai\index.php(30): CodeIgniter\Debug\Exceptions->errorHandler(2, 'Undefined variable $getPegawai', 'APPPATH\\Views\\pegawai\\index.php', 30)
 2 SYSTEMPATH\View\View.php(213): include('APPPATH\\Views\\pegawai\\index.php')
 3 SYSTEMPATH\View\View.php(216): CodeIgniter\View\View->CodeIgniter\View\{closure}()
 4 SYSTEMPATH\Common.php(1177): CodeIgniter\View\View->render('pegawai/index', [], true)
 5 APPPATH\Controllers\CPegawai.php(43): view('pegawai/index', [...])
 6 SYSTEMPATH\CodeIgniter.php(934): App\Controllers\CPegawai->add()
 7 SYSTEMPATH\CodeIgniter.php(499): CodeIgniter\CodeIgniter->runController(Object(App\Controllers\CPegawai))
 8 SYSTEMPATH\CodeIgniter.php(368): CodeIgniter\CodeIgniter->handleRequest(null, Object(Config\Cache), false)
 9 FCPATH\index.php(67): CodeIgniter\CodeIgniter->run()
10 SYSTEMPATH\Commands\Server\rewrite.php(47): require_once('FCPATH\\index.php')
INFO - 2023-02-27 11:21:43 --> Session: Class initialized using 'CodeIgniter\Session\Handlers\FileHandler' driver.
CRITICAL - 2023-02-27 11:22:18 --> Undefined array key "telepon"
in APPPATH\Models\MPegawai.php on line 49.
 1 APPPATH\Models\MPegawai.php(49): CodeIgniter\Debug\Exceptions->errorHandler(2, 'Undefined array key "telepon"', 'APPPATH\\Models\\MPegawai.php', 49)
 2 APPPATH\Controllers\CPegawai.php(83): App\Models\MPegawai->savePegawai([...])
 3 SYSTEMPATH\CodeIgniter.php(934): App\Controllers\CPegawai->save()
 4 SYSTEMPATH\CodeIgniter.php(499): CodeIgniter\CodeIgniter->runController(Object(App\Controllers\CPegawai))
 5 SYSTEMPATH\CodeIgniter.php(368): CodeIgniter\CodeIgniter->handleRequest(null, Object(Config\Cache), false)
 6 FCPATH\index.php(67): CodeIgniter\CodeIgniter->run()
 7 SYSTEMPATH\Commands\Server\rewrite.php(47): require_once('FCPATH\\index.php')
CRITICAL - 2023-02-27 11:23:58 --> Undefined array key "telepon"
in APPPATH\Models\MPegawai.php on line 49.
 1 APPPATH\Models\MPegawai.php(49): CodeIgniter\Debug\Exceptions->errorHandler(2, 'Undefined array key "telepon"', 'APPPATH\\Models\\MPegawai.php', 49)
 2 APPPATH\Controllers\CPegawai.php(83): App\Models\MPegawai->savePegawai([...])
 3 SYSTEMPATH\CodeIgniter.php(934): App\Controllers\CPegawai->save()
 4 SYSTEMPATH\CodeIgniter.php(499): CodeIgniter\CodeIgniter->runController(Object(App\Controllers\CPegawai))
 5 SYSTEMPATH\CodeIgniter.php(368): CodeIgniter\CodeIgniter->handleRequest(null, Object(Config\Cache), false)
 6 FCPATH\index.php(67): CodeIgniter\CodeIgniter->run()
 7 SYSTEMPATH\Commands\Server\rewrite.php(47): require_once('FCPATH\\index.php')
CRITICAL - 2023-02-27 11:39:26 --> Undefined array key "telepon"
in APPPATH\Models\MPegawai.php on line 49.
 1 APPPATH\Models\MPegawai.php(49): CodeIgniter\Debug\Exceptions->errorHandler(2, 'Undefined array key "telepon"', 'APPPATH\\Models\\MPegawai.php', 49)
 2 APPPATH\Controllers\CPegawai.php(83): App\Models\MPegawai->savePegawai([...])
 3 SYSTEMPATH\CodeIgniter.php(934): App\Controllers\CPegawai->save()
 4 SYSTEMPATH\CodeIgniter.php(499): CodeIgniter\CodeIgniter->runController(Object(App\Controllers\CPegawai))
 5 SYSTEMPATH\CodeIgniter.php(368): CodeIgniter\CodeIgniter->handleRequest(null, Object(Config\Cache), false)
 6 FCPATH\index.php(67): CodeIgniter\CodeIgniter->run()
 7 SYSTEMPATH\Commands\Server\rewrite.php(47): require_once('FCPATH\\index.php')
CRITICAL - 2023-02-27 11:39:31 --> Undefined array key "telepon"
in APPPATH\Models\MPegawai.php on line 49.
 1 APPPATH\Models\MPegawai.php(49): CodeIgniter\Debug\Exceptions->errorHandler(2, 'Undefined array key "telepon"', 'APPPATH\\Models\\MPegawai.php', 49)
 2 APPPATH\Controllers\CPegawai.php(83): App\Models\MPegawai->savePegawai([...])
 3 SYSTEMPATH\CodeIgniter.php(934): App\Controllers\CPegawai->save()
 4 SYSTEMPATH\CodeIgniter.php(499): CodeIgniter\CodeIgniter->runController(Object(App\Controllers\CPegawai))
 5 SYSTEMPATH\CodeIgniter.php(368): CodeIgniter\CodeIgniter->handleRequest(null, Object(Config\Cache), false)
 6 FCPATH\index.php(67): CodeIgniter\CodeIgniter->run()
 7 SYSTEMPATH\Commands\Server\rewrite.php(47): require_once('FCPATH\\index.php')
CRITICAL - 2023-02-27 11:40:11 --> Undefined array key "telepon"
in APPPATH\Models\MPegawai.php on line 49.
 1 APPPATH\Models\MPegawai.php(49): CodeIgniter\Debug\Exceptions->errorHandler(2, 'Undefined array key "telepon"', 'APPPATH\\Models\\MPegawai.php', 49)
 2 APPPATH\Controllers\CPegawai.php(83): App\Models\MPegawai->savePegawai([...])
 3 SYSTEMPATH\CodeIgniter.php(934): App\Controllers\CPegawai->save()
 4 SYSTEMPATH\CodeIgniter.php(499): CodeIgniter\CodeIgniter->runController(Object(App\Controllers\CPegawai))
 5 SYSTEMPATH\CodeIgniter.php(368): CodeIgniter\CodeIgniter->handleRequest(null, Object(Config\Cache), false)
 6 FCPATH\index.php(67): CodeIgniter\CodeIgniter->run()
 7 SYSTEMPATH\Commands\Server\rewrite.php(47): require_once('FCPATH\\index.php')
CRITICAL - 2023-02-27 11:40:51 --> Undefined array key "telepon"
in APPPATH\Models\MPegawai.php on line 49.
 1 APPPATH\Models\MPegawai.php(49): CodeIgniter\Debug\Exceptions->errorHandler(2, 'Undefined array key "telepon"', 'APPPATH\\Models\\MPegawai.php', 49)
 2 APPPATH\Controllers\CPegawai.php(83): App\Models\MPegawai->savePegawai([...])
 3 SYSTEMPATH\CodeIgniter.php(934): App\Controllers\CPegawai->save()
 4 SYSTEMPATH\CodeIgniter.php(499): CodeIgniter\CodeIgniter->runController(Object(App\Controllers\CPegawai))
 5 SYSTEMPATH\CodeIgniter.php(368): CodeIgniter\CodeIgniter->handleRequest(null, Object(Config\Cache), false)
 6 FCPATH\index.php(67): CodeIgniter\CodeIgniter->run()
 7 SYSTEMPATH\Commands\Server\rewrite.php(47): require_once('FCPATH\\index.php')
INFO - 2023-02-27 11:41:21 --> Session: Class initialized using 'CodeIgniter\Session\Handlers\FileHandler' driver.
INFO - 2023-02-27 11:41:23 --> Session: Class initialized using 'CodeIgniter\Session\Handlers\FileHandler' driver.
INFO - 2023-02-27 11:41:47 --> Session: Class initialized using 'CodeIgniter\Session\Handlers\FileHandler' driver.
INFO - 2023-02-27 11:41:47 --> Session: Class initialized using 'CodeIgniter\Session\Handlers\FileHandler' driver.
CRITICAL - 2023-02-27 11:42:22 --> Undefined array key "telepon"
in APPPATH\Models\MPegawai.php on line 49.
 1 APPPATH\Models\MPegawai.php(49): CodeIgniter\Debug\Exceptions->errorHandler(2, 'Undefined array key "telepon"', 'APPPATH\\Models\\MPegawai.php', 49)
 2 APPPATH\Controllers\CPegawai.php(83): App\Models\MPegawai->savePegawai([...])
 3 SYSTEMPATH\CodeIgniter.php(934): App\Controllers\CPegawai->save()
 4 SYSTEMPATH\CodeIgniter.php(499): CodeIgniter\CodeIgniter->runController(Object(App\Controllers\CPegawai))
 5 SYSTEMPATH\CodeIgniter.php(368): CodeIgniter\CodeIgniter->handleRequest(null, Object(Config\Cache), false)
 6 FCPATH\index.php(67): CodeIgniter\CodeIgniter->run()
 7 SYSTEMPATH\Commands\Server\rewrite.php(47): require_once('FCPATH\\index.php')
ERROR - 2023-02-27 11:46:00 --> mysqli_sql_exception: Unknown column 'nip' in 'field list' in C:\xampp\htdocs\PPL CI4\system\Database\MySQLi\Connection.php:295
Stack trace:
#0 C:\xampp\htdocs\PPL CI4\system\Database\MySQLi\Connection.php(295): mysqli->query('INSERT INTO tbl...', 0)
#1 C:\xampp\htdocs\PPL CI4\system\Database\BaseConnection.php(691): CodeIgniter\Database\MySQLi\Connection->execute('INSERT INTO tbl...')
#2 C:\xampp\htdocs\PPL CI4\system\Database\BaseConnection.php(605): CodeIgniter\Database\BaseConnection->simpleQuery('INSERT INTO tbl...')
#3 C:\xampp\htdocs\PPL CI4\app\Models\MPegawai.php(52): CodeIgniter\Database\BaseConnection->query('INSERT INTO tbl...')
#4 C:\xampp\htdocs\PPL CI4\app\Controllers\CPegawai.php(83): App\Models\MPegawai->savePegawai(Array)
#5 C:\xampp\htdocs\PPL CI4\system\CodeIgniter.php(934): App\Controllers\CPegawai->save()
#6 C:\xampp\htdocs\PPL CI4\system\CodeIgniter.php(499): CodeIgniter\CodeIgniter->runController(Object(App\Controllers\CPegawai))
#7 C:\xampp\htdocs\PPL CI4\system\CodeIgniter.php(368): CodeIgniter\CodeIgniter->handleRequest(NULL, Object(Config\Cache), false)
#8 C:\xampp\htdocs\PPL CI4\public\index.php(67): CodeIgniter\CodeIgniter->run()
#9 C:\xampp\htdocs\PPL CI4\system\Commands\Server\rewrite.php(47): require_once('C:\\xampp\\htdocs...')
#10 {main}
CRITICAL - 2023-02-27 11:46:00 --> Unknown column 'nip' in 'field list'
in SYSTEMPATH\Database\BaseConnection.php on line 645.
 1 APPPATH\Models\MPegawai.php(52): CodeIgniter\Database\BaseConnection->query('INSERT INTO tbl_akademis (nip,nama,gender,telepon,email,pendidikan) VALUES(\'2115110591\',\'salman\',\'Pria\',\'085863213385\',\'salman.alfarisi.tif21@polban.ac.id\',\'SMA\' )')
 2 APPPATH\Controllers\CPegawai.php(83): App\Models\MPegawai->savePegawai([...])
 3 SYSTEMPATH\CodeIgniter.php(934): App\Controllers\CPegawai->save()
 4 SYSTEMPATH\CodeIgniter.php(499): CodeIgniter\CodeIgniter->runController(Object(App\Controllers\CPegawai))
 5 SYSTEMPATH\CodeIgniter.php(368): CodeIgniter\CodeIgniter->handleRequest(null, Object(Config\Cache), false)
 6 FCPATH\index.php(67): CodeIgniter\CodeIgniter->run()
 7 SYSTEMPATH\Commands\Server\rewrite.php(47): require_once('FCPATH\\index.php')
ERROR - 2023-02-27 11:47:13 --> mysqli_sql_exception: Unknown column 'nip' in 'field list' in C:\xampp\htdocs\PPL CI4\system\Database\MySQLi\Connection.php:295
Stack trace:
#0 C:\xampp\htdocs\PPL CI4\system\Database\MySQLi\Connection.php(295): mysqli->query('INSERT INTO tbl...', 0)
#1 C:\xampp\htdocs\PPL CI4\system\Database\BaseConnection.php(691): CodeIgniter\Database\MySQLi\Connection->execute('INSERT INTO tbl...')
#2 C:\xampp\htdocs\PPL CI4\system\Database\BaseConnection.php(605): CodeIgniter\Database\BaseConnection->simpleQuery('INSERT INTO tbl...')
#3 C:\xampp\htdocs\PPL CI4\app\Models\MPegawai.php(52): CodeIgniter\Database\BaseConnection->query('INSERT INTO tbl...')
#4 C:\xampp\htdocs\PPL CI4\app\Controllers\CPegawai.php(83): App\Models\MPegawai->savePegawai(Array)
#5 C:\xampp\htdocs\PPL CI4\system\CodeIgniter.php(934): App\Controllers\CPegawai->save()
#6 C:\xampp\htdocs\PPL CI4\system\CodeIgniter.php(499): CodeIgniter\CodeIgniter->runController(Object(App\Controllers\CPegawai))
#7 C:\xampp\htdocs\PPL CI4\system\CodeIgniter.php(368): CodeIgniter\CodeIgniter->handleRequest(NULL, Object(Config\Cache), false)
#8 C:\xampp\htdocs\PPL CI4\public\index.php(67): CodeIgniter\CodeIgniter->run()
#9 C:\xampp\htdocs\PPL CI4\system\Commands\Server\rewrite.php(47): require_once('C:\\xampp\\htdocs...')
#10 {main}
CRITICAL - 2023-02-27 11:47:13 --> Unknown column 'nip' in 'field list'
in SYSTEMPATH\Database\BaseConnection.php on line 645.
 1 APPPATH\Models\MPegawai.php(52): CodeIgniter\Database\BaseConnection->query('INSERT INTO tbl_akademis (nip,nama,gender,telepon,email,pendidikan) VALUES(\'2115110591\',\'salman\',\'Pria\',\'085863213385\',\'salman.alfarisi.tif21@polban.ac.id\',\'SMA\' )')
 2 APPPATH\Controllers\CPegawai.php(83): App\Models\MPegawai->savePegawai([...])
 3 SYSTEMPATH\CodeIgniter.php(934): App\Controllers\CPegawai->save()
 4 SYSTEMPATH\CodeIgniter.php(499): CodeIgniter\CodeIgniter->runController(Object(App\Controllers\CPegawai))
 5 SYSTEMPATH\CodeIgniter.php(368): CodeIgniter\CodeIgniter->handleRequest(null, Object(Config\Cache), false)
 6 FCPATH\index.php(67): CodeIgniter\CodeIgniter->run()
 7 SYSTEMPATH\Commands\Server\rewrite.php(47): require_once('FCPATH\\index.php')
INFO - 2023-02-27 11:48:45 --> Session: Class initialized using 'CodeIgniter\Session\Handlers\FileHandler' driver.
INFO - 2023-02-27 11:49:26 --> Session: Class initialized using 'CodeIgniter\Session\Handlers\FileHandler' driver.
INFO - 2023-02-27 11:49:26 --> Session: Class initialized using 'CodeIgniter\Session\Handlers\FileHandler' driver.
INFO - 2023-02-27 11:51:43 --> Session: Class initialized using 'CodeIgniter\Session\Handlers\FileHandler' driver.
INFO - 2023-02-27 11:51:50 --> Session: Class initialized using 'CodeIgniter\Session\Handlers\FileHandler' driver.
INFO - 2023-02-27 11:52:16 --> Session: Class initialized using 'CodeIgniter\Session\Handlers\FileHandler' driver.
INFO - 2023-02-27 11:52:17 --> Session: Class initialized using 'CodeIgniter\Session\Handlers\FileHandler' driver.
INFO - 2023-02-27 11:52:56 --> Session: Class initialized using 'CodeIgniter\Session\Handlers\FileHandler' driver.
INFO - 2023-02-27 11:53:44 --> Session: Class initialized using 'CodeIgniter\Session\Handlers\FileHandler' driver.
CRITICAL - 2023-02-27 11:53:46 --> Declaration of App\Models\MMahasiswa::update($data) must be compatible with CodeIgniter\Model::update($id = null, $data = null): bool
in APPPATH\Models\MMahasiswa.php on line 65.
 1 [internal function]: CodeIgniter\Debug\Exceptions->shutdownHandler()
INFO - 2023-02-27 11:53:48 --> Session: Class initialized using 'CodeIgniter\Session\Handlers\FileHandler' driver.
INFO - 2023-02-27 11:53:50 --> Session: Class initialized using 'CodeIgniter\Session\Handlers\FileHandler' driver.
INFO - 2023-02-27 11:53:52 --> Session: Class initialized using 'CodeIgniter\Session\Handlers\FileHandler' driver.
INFO - 2023-02-27 11:54:02 --> Session: Class initialized using 'CodeIgniter\Session\Handlers\FileHandler' driver.
INFO - 2023-02-27 11:54:32 --> Session: Class initialized using 'CodeIgniter\Session\Handlers\FileHandler' driver.
INFO - 2023-02-27 11:54:34 --> Session: Class initialized using 'CodeIgniter\Session\Handlers\FileHandler' driver.
INFO - 2023-02-27 12:26:56 --> Session: Class initialized using 'CodeIgniter\Session\Handlers\FileHandler' driver.
INFO - 2023-02-27 12:26:58 --> Session: Class initialized using 'CodeIgniter\Session\Handlers\FileHandler' driver.
INFO - 2023-02-27 12:26:58 --> Session: Class initialized using 'CodeIgniter\Session\Handlers\FileHandler' driver.
INFO - 2023-02-27 13:02:45 --> Session: Class initialized using 'CodeIgniter\Session\Handlers\FileHandler' driver.
INFO - 2023-02-27 13:02:45 --> Session: Class initialized using 'CodeIgniter\Session\Handlers\FileHandler' driver.
INFO - 2023-02-27 13:03:21 --> Session: Class initialized using 'CodeIgniter\Session\Handlers\FileHandler' driver.
INFO - 2023-02-27 13:03:28 --> Session: Class initialized using 'CodeIgniter\Session\Handlers\FileHandler' driver.
INFO - 2023-02-27 13:04:05 --> Session: Class initialized using 'CodeIgniter\Session\Handlers\FileHandler' driver.
INFO - 2023-02-27 13:07:00 --> Session: Class initialized using 'CodeIgniter\Session\Handlers\FileHandler' driver.
INFO - 2023-02-27 13:07:09 --> Session: Class initialized using 'CodeIgniter\Session\Handlers\FileHandler' driver.
INFO - 2023-02-27 13:07:19 --> Session: Class initialized using 'CodeIgniter\Session\Handlers\FileHandler' driver.
INFO - 2023-02-27 13:09:00 --> Session: Class initialized using 'CodeIgniter\Session\Handlers\FileHandler' driver.
INFO - 2023-02-27 13:09:00 --> Session: Class initialized using 'CodeIgniter\Session\Handlers\FileHandler' driver.
INFO - 2023-02-27 13:09:10 --> Session: Class initialized using 'CodeIgniter\Session\Handlers\FileHandler' driver.
INFO - 2023-02-27 13:09:11 --> Session: Class initialized using 'CodeIgniter\Session\Handlers\FileHandler' driver.
INFO - 2023-02-27 13:09:22 --> Session: Class initialized using 'CodeIgniter\Session\Handlers\FileHandler' driver.
INFO - 2023-02-27 13:21:57 --> Session: Class initialized using 'CodeIgniter\Session\Handlers\FileHandler' driver.
INFO - 2023-02-27 13:21:59 --> Session: Class initialized using 'CodeIgniter\Session\Handlers\FileHandler' driver.
INFO - 2023-02-27 13:21:59 --> Session: Class initialized using 'CodeIgniter\Session\Handlers\FileHandler' driver.
INFO - 2023-02-27 13:22:11 --> Session: Class initialized using 'CodeIgniter\Session\Handlers\FileHandler' driver.
INFO - 2023-02-27 13:22:11 --> Session: Class initialized using 'CodeIgniter\Session\Handlers\FileHandler' driver.
INFO - 2023-02-27 13:22:59 --> Session: Class initialized using 'CodeIgniter\Session\Handlers\FileHandler' driver.
INFO - 2023-02-27 13:23:00 --> Session: Class initialized using 'CodeIgniter\Session\Handlers\FileHandler' driver.
INFO - 2023-02-27 13:23:19 --> Session: Class initialized using 'CodeIgniter\Session\Handlers\FileHandler' driver.
INFO - 2023-02-27 13:23:19 --> Session: Class initialized using 'CodeIgniter\Session\Handlers\FileHandler' driver.
INFO - 2023-02-27 13:27:31 --> Session: Class initialized using 'CodeIgniter\Session\Handlers\FileHandler' driver.
INFO - 2023-02-27 13:27:42 --> Session: Class initialized using 'CodeIgniter\Session\Handlers\FileHandler' driver.
INFO - 2023-02-27 13:33:26 --> Session: Class initialized using 'CodeIgniter\Session\Handlers\FileHandler' driver.
INFO - 2023-02-27 13:33:36 --> Session: Class initialized using 'CodeIgniter\Session\Handlers\FileHandler' driver.
INFO - 2023-02-27 13:33:36 --> Session: Class initialized using 'CodeIgniter\Session\Handlers\FileHandler' driver.
INFO - 2023-02-27 13:33:41 --> Session: Class initialized using 'CodeIgniter\Session\Handlers\FileHandler' driver.
INFO - 2023-02-27 13:33:42 --> Session: Class initialized using 'CodeIgniter\Session\Handlers\FileHandler' driver.
INFO - 2023-02-27 13:36:13 --> Session: Class initialized using 'CodeIgniter\Session\Handlers\FileHandler' driver.
INFO - 2023-02-27 13:36:13 --> Session: Class initialized using 'CodeIgniter\Session\Handlers\FileHandler' driver.
INFO - 2023-02-27 13:43:57 --> Session: Class initialized using 'CodeIgniter\Session\Handlers\FileHandler' driver.
INFO - 2023-02-27 13:43:57 --> Session: Class initialized using 'CodeIgniter\Session\Handlers\FileHandler' driver.
INFO - 2023-02-27 13:47:22 --> Session: Class initialized using 'CodeIgniter\Session\Handlers\FileHandler' driver.
INFO - 2023-02-27 13:47:33 --> Session: Class initialized using 'CodeIgniter\Session\Handlers\FileHandler' driver.
INFO - 2023-02-27 13:47:33 --> Session: Class initialized using 'CodeIgniter\Session\Handlers\FileHandler' driver.
INFO - 2023-02-27 13:55:31 --> Session: Class initialized using 'CodeIgniter\Session\Handlers\FileHandler' driver.
INFO - 2023-02-27 13:56:13 --> Session: Class initialized using 'CodeIgniter\Session\Handlers\FileHandler' driver.
INFO - 2023-02-27 13:56:13 --> Session: Class initialized using 'CodeIgniter\Session\Handlers\FileHandler' driver.
INFO - 2023-02-27 14:01:52 --> Session: Class initialized using 'CodeIgniter\Session\Handlers\FileHandler' driver.
INFO - 2023-02-27 14:01:52 --> Session: Class initialized using 'CodeIgniter\Session\Handlers\FileHandler' driver.
INFO - 2023-02-27 14:02:04 --> Session: Class initialized using 'CodeIgniter\Session\Handlers\FileHandler' driver.
INFO - 2023-02-27 14:02:05 --> Session: Class initialized using 'CodeIgniter\Session\Handlers\FileHandler' driver.
INFO - 2023-02-27 14:02:27 --> Session: Class initialized using 'CodeIgniter\Session\Handlers\FileHandler' driver.
INFO - 2023-02-27 14:02:27 --> Session: Class initialized using 'CodeIgniter\Session\Handlers\FileHandler' driver.
INFO - 2023-02-27 14:02:41 --> Session: Class initialized using 'CodeIgniter\Session\Handlers\FileHandler' driver.
INFO - 2023-02-27 14:02:42 --> Session: Class initialized using 'CodeIgniter\Session\Handlers\FileHandler' driver.
INFO - 2023-02-27 14:03:07 --> Session: Class initialized using 'CodeIgniter\Session\Handlers\FileHandler' driver.
INFO - 2023-02-27 14:03:07 --> Session: Class initialized using 'CodeIgniter\Session\Handlers\FileHandler' driver.
INFO - 2023-02-27 14:04:02 --> Session: Class initialized using 'CodeIgniter\Session\Handlers\FileHandler' driver.
INFO - 2023-02-27 14:05:06 --> Session: Class initialized using 'CodeIgniter\Session\Handlers\FileHandler' driver.
INFO - 2023-02-27 14:05:58 --> Session: Class initialized using 'CodeIgniter\Session\Handlers\FileHandler' driver.
INFO - 2023-02-27 14:05:58 --> Session: Class initialized using 'CodeIgniter\Session\Handlers\FileHandler' driver.
INFO - 2023-02-27 14:08:36 --> Session: Class initialized using 'CodeIgniter\Session\Handlers\FileHandler' driver.
INFO - 2023-02-27 14:08:36 --> Session: Class initialized using 'CodeIgniter\Session\Handlers\FileHandler' driver.
INFO - 2023-02-27 14:09:16 --> Session: Class initialized using 'CodeIgniter\Session\Handlers\FileHandler' driver.
INFO - 2023-02-27 14:09:16 --> Session: Class initialized using 'CodeIgniter\Session\Handlers\FileHandler' driver.
INFO - 2023-02-27 14:09:27 --> Session: Class initialized using 'CodeIgniter\Session\Handlers\FileHandler' driver.
INFO - 2023-02-27 14:10:12 --> Session: Class initialized using 'CodeIgniter\Session\Handlers\FileHandler' driver.
INFO - 2023-02-27 14:13:48 --> Session: Class initialized using 'CodeIgniter\Session\Handlers\FileHandler' driver.
INFO - 2023-02-27 14:13:49 --> Session: Class initialized using 'CodeIgniter\Session\Handlers\FileHandler' driver.
INFO - 2023-02-27 14:14:00 --> Session: Class initialized using 'CodeIgniter\Session\Handlers\FileHandler' driver.
INFO - 2023-02-27 14:14:01 --> Session: Class initialized using 'CodeIgniter\Session\Handlers\FileHandler' driver.
INFO - 2023-02-27 14:14:04 --> Session: Class initialized using 'CodeIgniter\Session\Handlers\FileHandler' driver.
INFO - 2023-02-27 14:14:09 --> Session: Class initialized using 'CodeIgniter\Session\Handlers\FileHandler' driver.
INFO - 2023-02-27 14:14:27 --> Session: Class initialized using 'CodeIgniter\Session\Handlers\FileHandler' driver.
INFO - 2023-02-27 14:14:28 --> Session: Class initialized using 'CodeIgniter\Session\Handlers\FileHandler' driver.
INFO - 2023-02-27 14:15:20 --> Session: Class initialized using 'CodeIgniter\Session\Handlers\FileHandler' driver.
INFO - 2023-02-27 14:15:21 --> Session: Class initialized using 'CodeIgniter\Session\Handlers\FileHandler' driver.
INFO - 2023-02-27 14:15:37 --> Session: Class initialized using 'CodeIgniter\Session\Handlers\FileHandler' driver.
INFO - 2023-02-27 14:15:44 --> Session: Class initialized using 'CodeIgniter\Session\Handlers\FileHandler' driver.
CRITICAL - 2023-02-27 14:21:11 --> "alpha space" is not a valid rule.
in SYSTEMPATH\Validation\Validation.php on line 320.
 1 SYSTEMPATH\Validation\Validation.php(320): CodeIgniter\Validation\Exceptions\ValidationException::forRuleNotFound('alpha space')
 2 SYSTEMPATH\Validation\Validation.php(170): CodeIgniter\Validation\Validation->processRules('nama', 'nama', 'sadio mane', [...], [...])
 3 SYSTEMPATH\Controller.php(140): CodeIgniter\Validation\Validation->run()
 4 APPPATH\Controllers\CPegawai.php(61): CodeIgniter\Controller->validate([...])
 5 SYSTEMPATH\CodeIgniter.php(934): App\Controllers\CPegawai->save()
 6 SYSTEMPATH\CodeIgniter.php(499): CodeIgniter\CodeIgniter->runController(Object(App\Controllers\CPegawai))
 7 SYSTEMPATH\CodeIgniter.php(368): CodeIgniter\CodeIgniter->handleRequest(null, Object(Config\Cache), false)
 8 FCPATH\index.php(67): CodeIgniter\CodeIgniter->run()
 9 SYSTEMPATH\Commands\Server\rewrite.php(47): require_once('FCPATH\\index.php')
INFO - 2023-02-27 14:21:48 --> Session: Class initialized using 'CodeIgniter\Session\Handlers\FileHandler' driver.
INFO - 2023-02-27 14:22:49 --> Session: Class initialized using 'CodeIgniter\Session\Handlers\FileHandler' driver.
INFO - 2023-02-27 14:24:05 --> Session: Class initialized using 'CodeIgniter\Session\Handlers\FileHandler' driver.
INFO - 2023-02-27 14:24:05 --> Session: Class initialized using 'CodeIgniter\Session\Handlers\FileHandler' driver.
INFO - 2023-02-27 14:24:23 --> Session: Class initialized using 'CodeIgniter\Session\Handlers\FileHandler' driver.
