INFO - 2023-02-15 08:12:40 --> Session: Class initialized using 'CodeIgniter\Session\Handlers\FileHandler' driver.
INFO - 2023-02-15 08:23:09 --> Session: Class initialized using 'CodeIgniter\Session\Handlers\FileHandler' driver.
CRITICAL - 2023-02-15 08:29:06 --> Class "App\Controllers\UserModel" not found
in APPPATH\Controllers\CRegister.php on line 30.
 1 SYSTEMPATH\CodeIgniter.php(934): App\Controllers\CRegister->save()
 2 SYSTEMPATH\CodeIgniter.php(499): CodeIgniter\CodeIgniter->runController(Object(App\Controllers\CRegister))
 3 SYSTEMPATH\CodeIgniter.php(368): CodeIgniter\CodeIgniter->handleRequest(null, Object(Config\Cache), false)
 4 FCPATH\index.php(67): CodeIgniter\CodeIgniter->run()
 5 SYSTEMPATH\Commands\Server\rewrite.php(47): require_once('FCPATH\\index.php')
ERROR - 2023-02-15 08:29:48 --> mysqli_sql_exception: Column 'nama' cannot be null in C:\xampp\htdocs\PPL CI4\system\Database\MySQLi\Connection.php:295
Stack trace:
#0 C:\xampp\htdocs\PPL CI4\system\Database\MySQLi\Connection.php(295): mysqli->query('INSERT INTO `us...', 0)
#1 C:\xampp\htdocs\PPL CI4\system\Database\BaseConnection.php(691): CodeIgniter\Database\MySQLi\Connection->execute('INSERT INTO `us...')
#2 C:\xampp\htdocs\PPL CI4\system\Database\BaseConnection.php(605): CodeIgniter\Database\BaseConnection->simpleQuery('INSERT INTO `us...')
#3 C:\xampp\htdocs\PPL CI4\system\Database\BaseBuilder.php(2295): CodeIgniter\Database\BaseConnection->query('INSERT INTO `us...', Array, false)
#4 C:\xampp\htdocs\PPL CI4\system\Model.php(329): CodeIgniter\Database\BaseBuilder->insert()
#5 C:\xampp\htdocs\PPL CI4\system\BaseModel.php(782): CodeIgniter\Model->doInsert(Array)
#6 C:\xampp\htdocs\PPL CI4\system\Model.php(729): CodeIgniter\BaseModel->insert(Array, false)
#7 C:\xampp\htdocs\PPL CI4\system\BaseModel.php(692): CodeIgniter\Model->insert(Array, false)
#8 C:\xampp\htdocs\PPL CI4\app\Controllers\CRegister.php(36): CodeIgniter\BaseModel->save(Array)
#9 C:\xampp\htdocs\PPL CI4\system\CodeIgniter.php(934): App\Controllers\CRegister->save()
#10 C:\xampp\htdocs\PPL CI4\system\CodeIgniter.php(499): CodeIgniter\CodeIgniter->runController(Object(App\Controllers\CRegister))
#11 C:\xampp\htdocs\PPL CI4\system\CodeIgniter.php(368): CodeIgniter\CodeIgniter->handleRequest(NULL, Object(Config\Cache), false)
#12 C:\xampp\htdocs\PPL CI4\public\index.php(67): CodeIgniter\CodeIgniter->run()
#13 C:\xampp\htdocs\PPL CI4\system\Commands\Server\rewrite.php(47): require_once('C:\\xampp\\htdocs...')
#14 {main}
CRITICAL - 2023-02-15 08:29:48 --> Column 'nama' cannot be null
in SYSTEMPATH\Database\BaseConnection.php on line 645.
 1 SYSTEMPATH\Database\BaseBuilder.php(2295): CodeIgniter\Database\BaseConnection->query('INSERT INTO `user` (`username`, `nama`, `password`) VALUES (:username:, :nama:, :password:)', [...], false)
 2 SYSTEMPATH\Model.php(329): CodeIgniter\Database\BaseBuilder->insert()
 3 SYSTEMPATH\BaseModel.php(782): CodeIgniter\Model->doInsert([...])
 4 SYSTEMPATH\Model.php(729): CodeIgniter\BaseModel->insert([...], false)
 5 SYSTEMPATH\BaseModel.php(692): CodeIgniter\Model->insert([...], false)
 6 APPPATH\Controllers\CRegister.php(36): CodeIgniter\BaseModel->save([...])
 7 SYSTEMPATH\CodeIgniter.php(934): App\Controllers\CRegister->save()
 8 SYSTEMPATH\CodeIgniter.php(499): CodeIgniter\CodeIgniter->runController(Object(App\Controllers\CRegister))
 9 SYSTEMPATH\CodeIgniter.php(368): CodeIgniter\CodeIgniter->handleRequest(null, Object(Config\Cache), false)
10 FCPATH\index.php(67): CodeIgniter\CodeIgniter->run()
11 SYSTEMPATH\Commands\Server\rewrite.php(47): require_once('FCPATH\\index.php')
ERROR - 2023-02-15 08:33:13 --> mysqli_sql_exception: Column 'nama' cannot be null in C:\xampp\htdocs\PPL CI4\system\Database\MySQLi\Connection.php:295
Stack trace:
#0 C:\xampp\htdocs\PPL CI4\system\Database\MySQLi\Connection.php(295): mysqli->query('INSERT INTO `us...', 0)
#1 C:\xampp\htdocs\PPL CI4\system\Database\BaseConnection.php(691): CodeIgniter\Database\MySQLi\Connection->execute('INSERT INTO `us...')
#2 C:\xampp\htdocs\PPL CI4\system\Database\BaseConnection.php(605): CodeIgniter\Database\BaseConnection->simpleQuery('INSERT INTO `us...')
#3 C:\xampp\htdocs\PPL CI4\system\Database\BaseBuilder.php(2295): CodeIgniter\Database\BaseConnection->query('INSERT INTO `us...', Array, false)
#4 C:\xampp\htdocs\PPL CI4\system\Model.php(329): CodeIgniter\Database\BaseBuilder->insert()
#5 C:\xampp\htdocs\PPL CI4\system\BaseModel.php(782): CodeIgniter\Model->doInsert(Array)
#6 C:\xampp\htdocs\PPL CI4\system\Model.php(729): CodeIgniter\BaseModel->insert(Array, false)
#7 C:\xampp\htdocs\PPL CI4\system\BaseModel.php(692): CodeIgniter\Model->insert(Array, false)
#8 C:\xampp\htdocs\PPL CI4\app\Controllers\CRegister.php(36): CodeIgniter\BaseModel->save(Array)
#9 C:\xampp\htdocs\PPL CI4\system\CodeIgniter.php(934): App\Controllers\CRegister->save()
#10 C:\xampp\htdocs\PPL CI4\system\CodeIgniter.php(499): CodeIgniter\CodeIgniter->runController(Object(App\Controllers\CRegister))
#11 C:\xampp\htdocs\PPL CI4\system\CodeIgniter.php(368): CodeIgniter\CodeIgniter->handleRequest(NULL, Object(Config\Cache), false)
#12 C:\xampp\htdocs\PPL CI4\public\index.php(67): CodeIgniter\CodeIgniter->run()
#13 C:\xampp\htdocs\PPL CI4\system\Commands\Server\rewrite.php(47): require_once('C:\\xampp\\htdocs...')
#14 {main}
CRITICAL - 2023-02-15 08:33:13 --> Column 'nama' cannot be null
in SYSTEMPATH\Database\BaseConnection.php on line 645.
 1 SYSTEMPATH\Database\BaseBuilder.php(2295): CodeIgniter\Database\BaseConnection->query('INSERT INTO `user` (`username`, `nama`, `password`) VALUES (:username:, :nama:, :password:)', [...], false)
 2 SYSTEMPATH\Model.php(329): CodeIgniter\Database\BaseBuilder->insert()
 3 SYSTEMPATH\BaseModel.php(782): CodeIgniter\Model->doInsert([...])
 4 SYSTEMPATH\Model.php(729): CodeIgniter\BaseModel->insert([...], false)
 5 SYSTEMPATH\BaseModel.php(692): CodeIgniter\Model->insert([...], false)
 6 APPPATH\Controllers\CRegister.php(36): CodeIgniter\BaseModel->save([...])
 7 SYSTEMPATH\CodeIgniter.php(934): App\Controllers\CRegister->save()
 8 SYSTEMPATH\CodeIgniter.php(499): CodeIgniter\CodeIgniter->runController(Object(App\Controllers\CRegister))
 9 SYSTEMPATH\CodeIgniter.php(368): CodeIgniter\CodeIgniter->handleRequest(null, Object(Config\Cache), false)
10 FCPATH\index.php(67): CodeIgniter\CodeIgniter->run()
11 SYSTEMPATH\Commands\Server\rewrite.php(47): require_once('FCPATH\\index.php')
ERROR - 2023-02-15 08:40:07 --> mysqli_sql_exception: Column 'nama' cannot be null in C:\xampp\htdocs\PPL CI4\system\Database\MySQLi\Connection.php:295
Stack trace:
#0 C:\xampp\htdocs\PPL CI4\system\Database\MySQLi\Connection.php(295): mysqli->query('INSERT INTO `us...', 0)
#1 C:\xampp\htdocs\PPL CI4\system\Database\BaseConnection.php(691): CodeIgniter\Database\MySQLi\Connection->execute('INSERT INTO `us...')
#2 C:\xampp\htdocs\PPL CI4\system\Database\BaseConnection.php(605): CodeIgniter\Database\BaseConnection->simpleQuery('INSERT INTO `us...')
#3 C:\xampp\htdocs\PPL CI4\system\Database\BaseBuilder.php(2295): CodeIgniter\Database\BaseConnection->query('INSERT INTO `us...', Array, false)
#4 C:\xampp\htdocs\PPL CI4\system\Model.php(329): CodeIgniter\Database\BaseBuilder->insert()
#5 C:\xampp\htdocs\PPL CI4\system\BaseModel.php(782): CodeIgniter\Model->doInsert(Array)
#6 C:\xampp\htdocs\PPL CI4\system\Model.php(729): CodeIgniter\BaseModel->insert(Array, false)
#7 C:\xampp\htdocs\PPL CI4\system\BaseModel.php(692): CodeIgniter\Model->insert(Array, false)
#8 C:\xampp\htdocs\PPL CI4\app\Controllers\CRegister.php(36): CodeIgniter\BaseModel->save(Array)
#9 C:\xampp\htdocs\PPL CI4\system\CodeIgniter.php(934): App\Controllers\CRegister->save()
#10 C:\xampp\htdocs\PPL CI4\system\CodeIgniter.php(499): CodeIgniter\CodeIgniter->runController(Object(App\Controllers\CRegister))
#11 C:\xampp\htdocs\PPL CI4\system\CodeIgniter.php(368): CodeIgniter\CodeIgniter->handleRequest(NULL, Object(Config\Cache), false)
#12 C:\xampp\htdocs\PPL CI4\public\index.php(67): CodeIgniter\CodeIgniter->run()
#13 C:\xampp\htdocs\PPL CI4\system\Commands\Server\rewrite.php(47): require_once('C:\\xampp\\htdocs...')
#14 {main}
CRITICAL - 2023-02-15 08:40:07 --> Column 'nama' cannot be null
in SYSTEMPATH\Database\BaseConnection.php on line 645.
 1 SYSTEMPATH\Database\BaseBuilder.php(2295): CodeIgniter\Database\BaseConnection->query('INSERT INTO `user` (`username`, `nama`, `password`) VALUES (:username:, :nama:, :password:)', [...], false)
 2 SYSTEMPATH\Model.php(329): CodeIgniter\Database\BaseBuilder->insert()
 3 SYSTEMPATH\BaseModel.php(782): CodeIgniter\Model->doInsert([...])
 4 SYSTEMPATH\Model.php(729): CodeIgniter\BaseModel->insert([...], false)
 5 SYSTEMPATH\BaseModel.php(692): CodeIgniter\Model->insert([...], false)
 6 APPPATH\Controllers\CRegister.php(36): CodeIgniter\BaseModel->save([...])
 7 SYSTEMPATH\CodeIgniter.php(934): App\Controllers\CRegister->save()
 8 SYSTEMPATH\CodeIgniter.php(499): CodeIgniter\CodeIgniter->runController(Object(App\Controllers\CRegister))
 9 SYSTEMPATH\CodeIgniter.php(368): CodeIgniter\CodeIgniter->handleRequest(null, Object(Config\Cache), false)
10 FCPATH\index.php(67): CodeIgniter\CodeIgniter->run()
11 SYSTEMPATH\Commands\Server\rewrite.php(47): require_once('FCPATH\\index.php')
