INFO - 2023-02-22 09:42:56 --> Session: Class initialized using 'CodeIgniter\Session\Handlers\FileHandler' driver.
INFO - 2023-02-22 09:42:57 --> Session: Class initialized using 'CodeIgniter\Session\Handlers\FileHandler' driver.
INFO - 2023-02-22 09:43:08 --> Session: Class initialized using 'CodeIgniter\Session\Handlers\FileHandler' driver.
INFO - 2023-02-22 09:43:09 --> Session: Class initialized using 'CodeIgniter\Session\Handlers\FileHandler' driver.
INFO - 2023-02-22 09:54:59 --> Session: Class initialized using 'CodeIgniter\Session\Handlers\FileHandler' driver.
INFO - 2023-02-22 09:55:12 --> Session: Class initialized using 'CodeIgniter\Session\Handlers\FileHandler' driver.
INFO - 2023-02-22 09:59:20 --> Session: Class initialized using 'CodeIgniter\Session\Handlers\FileHandler' driver.
INFO - 2023-02-22 09:59:32 --> Session: Class initialized using 'CodeIgniter\Session\Handlers\FileHandler' driver.
INFO - 2023-02-22 10:00:21 --> Session: Class initialized using 'CodeIgniter\Session\Handlers\FileHandler' driver.
INFO - 2023-02-22 10:13:10 --> Session: Class initialized using 'CodeIgniter\Session\Handlers\FileHandler' driver.
INFO - 2023-02-22 10:19:47 --> Session: Class initialized using 'CodeIgniter\Session\Handlers\FileHandler' driver.
INFO - 2023-02-22 10:20:32 --> Session: Class initialized using 'CodeIgniter\Session\Handlers\FileHandler' driver.
INFO - 2023-02-22 10:22:22 --> Session: Class initialized using 'CodeIgniter\Session\Handlers\FileHandler' driver.
INFO - 2023-02-22 10:32:05 --> Session: Class initialized using 'CodeIgniter\Session\Handlers\FileHandler' driver.
INFO - 2023-02-22 10:35:55 --> Session: Class initialized using 'CodeIgniter\Session\Handlers\FileHandler' driver.
ERROR - 2023-02-22 10:36:01 --> mysqli_sql_exception: You have an error in your SQL syntax; check the manual that corresponds to your MariaDB server version for the right syntax to use near ' nim='21151111', nama='baguss', umur='10'' at line 1 in C:\xampp\htdocs\PPL CI4\system\Database\MySQLi\Connection.php:295
Stack trace:
#0 C:\xampp\htdocs\PPL CI4\system\Database\MySQLi\Connection.php(295): mysqli->query('UPDATE tbl_akad...', 0)
#1 C:\xampp\htdocs\PPL CI4\system\Database\BaseConnection.php(691): CodeIgniter\Database\MySQLi\Connection->execute('UPDATE tbl_akad...')
#2 C:\xampp\htdocs\PPL CI4\system\Database\BaseConnection.php(605): CodeIgniter\Database\BaseConnection->simpleQuery('UPDATE tbl_akad...')
#3 C:\xampp\htdocs\PPL CI4\app\Models\MMahasiswa.php(71): CodeIgniter\Database\BaseConnection->query('UPDATE tbl_akad...')
#4 C:\xampp\htdocs\PPL CI4\app\Controllers\CMahasiswa.php(127): App\Models\MMahasiswa->updateMahasiswa(Array)
#5 C:\xampp\htdocs\PPL CI4\system\CodeIgniter.php(934): App\Controllers\CMahasiswa->updateMahasiswa()
#6 C:\xampp\htdocs\PPL CI4\system\CodeIgniter.php(499): CodeIgniter\CodeIgniter->runController(Object(App\Controllers\CMahasiswa))
#7 C:\xampp\htdocs\PPL CI4\system\CodeIgniter.php(368): CodeIgniter\CodeIgniter->handleRequest(NULL, Object(Config\Cache), false)
#8 C:\xampp\htdocs\PPL CI4\public\index.php(67): CodeIgniter\CodeIgniter->run()
#9 C:\xampp\htdocs\PPL CI4\system\Commands\Server\rewrite.php(47): require_once('C:\\xampp\\htdocs...')
#10 {main}
CRITICAL - 2023-02-22 10:36:01 --> You have an error in your SQL syntax; check the manual that corresponds to your MariaDB server version for the right syntax to use near ' nim='21151111', nama='baguss', umur='10'' at line 1
in SYSTEMPATH\Database\BaseConnection.php on line 645.
 1 APPPATH\Models\MMahasiswa.php(71): CodeIgniter\Database\BaseConnection->query('UPDATE tbl_akademis SET id = \'\' , nama = \'baguss\', nim = \'21151111\', umur = \'10\' WHERE id=\'\', nim=\'21151111\', nama=\'baguss\', umur=\'10\'')
 2 APPPATH\Controllers\CMahasiswa.php(127): App\Models\MMahasiswa->updateMahasiswa([...])
 3 SYSTEMPATH\CodeIgniter.php(934): App\Controllers\CMahasiswa->updateMahasiswa()
 4 SYSTEMPATH\CodeIgniter.php(499): CodeIgniter\CodeIgniter->runController(Object(App\Controllers\CMahasiswa))
 5 SYSTEMPATH\CodeIgniter.php(368): CodeIgniter\CodeIgniter->handleRequest(null, Object(Config\Cache), false)
 6 FCPATH\index.php(67): CodeIgniter\CodeIgniter->run()
 7 SYSTEMPATH\Commands\Server\rewrite.php(47): require_once('FCPATH\\index.php')
ERROR - 2023-02-22 10:39:45 --> mysqli_sql_exception: You have an error in your SQL syntax; check the manual that corresponds to your MariaDB server version for the right syntax to use near ' nim='21151111', nama='baguss', umur='10'' at line 1 in C:\xampp\htdocs\PPL CI4\system\Database\MySQLi\Connection.php:295
Stack trace:
#0 C:\xampp\htdocs\PPL CI4\system\Database\MySQLi\Connection.php(295): mysqli->query('UPDATE tbl_akad...', 0)
#1 C:\xampp\htdocs\PPL CI4\system\Database\BaseConnection.php(691): CodeIgniter\Database\MySQLi\Connection->execute('UPDATE tbl_akad...')
#2 C:\xampp\htdocs\PPL CI4\system\Database\BaseConnection.php(605): CodeIgniter\Database\BaseConnection->simpleQuery('UPDATE tbl_akad...')
#3 C:\xampp\htdocs\PPL CI4\app\Models\MMahasiswa.php(71): CodeIgniter\Database\BaseConnection->query('UPDATE tbl_akad...')
#4 C:\xampp\htdocs\PPL CI4\app\Controllers\CMahasiswa.php(127): App\Models\MMahasiswa->updateMahasiswa(Array)
#5 C:\xampp\htdocs\PPL CI4\system\CodeIgniter.php(934): App\Controllers\CMahasiswa->updateMahasiswa()
#6 C:\xampp\htdocs\PPL CI4\system\CodeIgniter.php(499): CodeIgniter\CodeIgniter->runController(Object(App\Controllers\CMahasiswa))
#7 C:\xampp\htdocs\PPL CI4\system\CodeIgniter.php(368): CodeIgniter\CodeIgniter->handleRequest(NULL, Object(Config\Cache), false)
#8 C:\xampp\htdocs\PPL CI4\public\index.php(67): CodeIgniter\CodeIgniter->run()
#9 C:\xampp\htdocs\PPL CI4\system\Commands\Server\rewrite.php(47): require_once('C:\\xampp\\htdocs...')
#10 {main}
CRITICAL - 2023-02-22 10:39:45 --> You have an error in your SQL syntax; check the manual that corresponds to your MariaDB server version for the right syntax to use near ' nim='21151111', nama='baguss', umur='10'' at line 1
in SYSTEMPATH\Database\BaseConnection.php on line 645.
 1 APPPATH\Models\MMahasiswa.php(71): CodeIgniter\Database\BaseConnection->query('UPDATE tbl_akademis SET id = \'\' , nama = \'baguss\', nim = \'21151111\', umur = \'10\' WHERE id=\'\', nim=\'21151111\', nama=\'baguss\', umur=\'10\'')
 2 APPPATH\Controllers\CMahasiswa.php(127): App\Models\MMahasiswa->updateMahasiswa([...])
 3 SYSTEMPATH\CodeIgniter.php(934): App\Controllers\CMahasiswa->updateMahasiswa()
 4 SYSTEMPATH\CodeIgniter.php(499): CodeIgniter\CodeIgniter->runController(Object(App\Controllers\CMahasiswa))
 5 SYSTEMPATH\CodeIgniter.php(368): CodeIgniter\CodeIgniter->handleRequest(null, Object(Config\Cache), false)
 6 FCPATH\index.php(67): CodeIgniter\CodeIgniter->run()
 7 SYSTEMPATH\Commands\Server\rewrite.php(47): require_once('FCPATH\\index.php')
INFO - 2023-02-22 10:39:56 --> Session: Class initialized using 'CodeIgniter\Session\Handlers\FileHandler' driver.
INFO - 2023-02-22 10:40:08 --> Session: Class initialized using 'CodeIgniter\Session\Handlers\FileHandler' driver.
ERROR - 2023-02-22 10:40:17 --> mysqli_sql_exception: You have an error in your SQL syntax; check the manual that corresponds to your MariaDB server version for the right syntax to use near ' nim='bagus', nama='21152', umur='10'' at line 1 in C:\xampp\htdocs\PPL CI4\system\Database\MySQLi\Connection.php:295
Stack trace:
#0 C:\xampp\htdocs\PPL CI4\system\Database\MySQLi\Connection.php(295): mysqli->query('UPDATE tbl_akad...', 0)
#1 C:\xampp\htdocs\PPL CI4\system\Database\BaseConnection.php(691): CodeIgniter\Database\MySQLi\Connection->execute('UPDATE tbl_akad...')
#2 C:\xampp\htdocs\PPL CI4\system\Database\BaseConnection.php(605): CodeIgniter\Database\BaseConnection->simpleQuery('UPDATE tbl_akad...')
#3 C:\xampp\htdocs\PPL CI4\app\Models\MMahasiswa.php(71): CodeIgniter\Database\BaseConnection->query('UPDATE tbl_akad...')
#4 C:\xampp\htdocs\PPL CI4\app\Controllers\CMahasiswa.php(127): App\Models\MMahasiswa->updateMahasiswa(Array)
#5 C:\xampp\htdocs\PPL CI4\system\CodeIgniter.php(934): App\Controllers\CMahasiswa->updateMahasiswa()
#6 C:\xampp\htdocs\PPL CI4\system\CodeIgniter.php(499): CodeIgniter\CodeIgniter->runController(Object(App\Controllers\CMahasiswa))
#7 C:\xampp\htdocs\PPL CI4\system\CodeIgniter.php(368): CodeIgniter\CodeIgniter->handleRequest(NULL, Object(Config\Cache), false)
#8 C:\xampp\htdocs\PPL CI4\public\index.php(67): CodeIgniter\CodeIgniter->run()
#9 C:\xampp\htdocs\PPL CI4\system\Commands\Server\rewrite.php(47): require_once('C:\\xampp\\htdocs...')
#10 {main}
CRITICAL - 2023-02-22 10:40:17 --> You have an error in your SQL syntax; check the manual that corresponds to your MariaDB server version for the right syntax to use near ' nim='bagus', nama='21152', umur='10'' at line 1
in SYSTEMPATH\Database\BaseConnection.php on line 645.
 1 APPPATH\Models\MMahasiswa.php(71): CodeIgniter\Database\BaseConnection->query('UPDATE tbl_akademis SET id = \'\' , nama = \'21152\', nim = \'bagus\', umur = \'10\' WHERE id=\'\', nim=\'bagus\', nama=\'21152\', umur=\'10\'')
 2 APPPATH\Controllers\CMahasiswa.php(127): App\Models\MMahasiswa->updateMahasiswa([...])
 3 SYSTEMPATH\CodeIgniter.php(934): App\Controllers\CMahasiswa->updateMahasiswa()
 4 SYSTEMPATH\CodeIgniter.php(499): CodeIgniter\CodeIgniter->runController(Object(App\Controllers\CMahasiswa))
 5 SYSTEMPATH\CodeIgniter.php(368): CodeIgniter\CodeIgniter->handleRequest(null, Object(Config\Cache), false)
 6 FCPATH\index.php(67): CodeIgniter\CodeIgniter->run()
 7 SYSTEMPATH\Commands\Server\rewrite.php(47): require_once('FCPATH\\index.php')
ERROR - 2023-02-22 10:41:46 --> mysqli_sql_exception: Duplicate entry '0' for key 'PRIMARY' in C:\xampp\htdocs\PPL CI4\system\Database\MySQLi\Connection.php:295
Stack trace:
#0 C:\xampp\htdocs\PPL CI4\system\Database\MySQLi\Connection.php(295): mysqli->query('UPDATE tbl_akad...', 0)
#1 C:\xampp\htdocs\PPL CI4\system\Database\BaseConnection.php(691): CodeIgniter\Database\MySQLi\Connection->execute('UPDATE tbl_akad...')
#2 C:\xampp\htdocs\PPL CI4\system\Database\BaseConnection.php(605): CodeIgniter\Database\BaseConnection->simpleQuery('UPDATE tbl_akad...')
#3 C:\xampp\htdocs\PPL CI4\app\Models\MMahasiswa.php(71): CodeIgniter\Database\BaseConnection->query('UPDATE tbl_akad...')
#4 C:\xampp\htdocs\PPL CI4\app\Controllers\CMahasiswa.php(127): App\Models\MMahasiswa->updateMahasiswa(Array)
#5 C:\xampp\htdocs\PPL CI4\system\CodeIgniter.php(934): App\Controllers\CMahasiswa->updateMahasiswa()
#6 C:\xampp\htdocs\PPL CI4\system\CodeIgniter.php(499): CodeIgniter\CodeIgniter->runController(Object(App\Controllers\CMahasiswa))
#7 C:\xampp\htdocs\PPL CI4\system\CodeIgniter.php(368): CodeIgniter\CodeIgniter->handleRequest(NULL, Object(Config\Cache), false)
#8 C:\xampp\htdocs\PPL CI4\public\index.php(67): CodeIgniter\CodeIgniter->run()
#9 C:\xampp\htdocs\PPL CI4\system\Commands\Server\rewrite.php(47): require_once('C:\\xampp\\htdocs...')
#10 {main}
CRITICAL - 2023-02-22 10:41:46 --> Duplicate entry '0' for key 'PRIMARY'
in SYSTEMPATH\Database\BaseConnection.php on line 645.
 1 APPPATH\Models\MMahasiswa.php(71): CodeIgniter\Database\BaseConnection->query('UPDATE tbl_akademis SET id = \'\'')
 2 APPPATH\Controllers\CMahasiswa.php(127): App\Models\MMahasiswa->updateMahasiswa([...])
 3 SYSTEMPATH\CodeIgniter.php(934): App\Controllers\CMahasiswa->updateMahasiswa()
 4 SYSTEMPATH\CodeIgniter.php(499): CodeIgniter\CodeIgniter->runController(Object(App\Controllers\CMahasiswa))
 5 SYSTEMPATH\CodeIgniter.php(368): CodeIgniter\CodeIgniter->handleRequest(null, Object(Config\Cache), false)
 6 FCPATH\index.php(67): CodeIgniter\CodeIgniter->run()
 7 SYSTEMPATH\Commands\Server\rewrite.php(47): require_once('FCPATH\\index.php')
INFO - 2023-02-22 10:42:39 --> Session: Class initialized using 'CodeIgniter\Session\Handlers\FileHandler' driver.
INFO - 2023-02-22 10:42:45 --> Session: Class initialized using 'CodeIgniter\Session\Handlers\FileHandler' driver.
INFO - 2023-02-22 11:08:28 --> Session: Class initialized using 'CodeIgniter\Session\Handlers\FileHandler' driver.
CRITICAL - 2023-02-22 11:08:33 --> Too few arguments to function App\Controllers\CMahasiswa::updateMahasiswa(), 0 passed in C:\xampp\htdocs\PPL CI4\system\CodeIgniter.php on line 934 and exactly 1 expected
in APPPATH\Controllers\CMahasiswa.php on line 98.
 1 SYSTEMPATH\CodeIgniter.php(934): App\Controllers\CMahasiswa->updateMahasiswa()
 2 SYSTEMPATH\CodeIgniter.php(499): CodeIgniter\CodeIgniter->runController(Object(App\Controllers\CMahasiswa))
 3 SYSTEMPATH\CodeIgniter.php(368): CodeIgniter\CodeIgniter->handleRequest(null, Object(Config\Cache), false)
 4 FCPATH\index.php(67): CodeIgniter\CodeIgniter->run()
 5 SYSTEMPATH\Commands\Server\rewrite.php(47): require_once('FCPATH\\index.php')
CRITICAL - 2023-02-22 11:12:00 --> Too few arguments to function App\Controllers\CMahasiswa::updateMahasiswa(), 0 passed in C:\xampp\htdocs\PPL CI4\system\CodeIgniter.php on line 934 and exactly 1 expected
in APPPATH\Controllers\CMahasiswa.php on line 98.
 1 SYSTEMPATH\CodeIgniter.php(934): App\Controllers\CMahasiswa->updateMahasiswa()
 2 SYSTEMPATH\CodeIgniter.php(499): CodeIgniter\CodeIgniter->runController(Object(App\Controllers\CMahasiswa))
 3 SYSTEMPATH\CodeIgniter.php(368): CodeIgniter\CodeIgniter->handleRequest(null, Object(Config\Cache), false)
 4 FCPATH\index.php(67): CodeIgniter\CodeIgniter->run()
 5 SYSTEMPATH\Commands\Server\rewrite.php(47): require_once('FCPATH\\index.php')
CRITICAL - 2023-02-22 11:13:52 --> Too few arguments to function App\Controllers\CMahasiswa::updateMahasiswa(), 0 passed in C:\xampp\htdocs\PPL CI4\system\CodeIgniter.php on line 934 and exactly 1 expected
in APPPATH\Controllers\CMahasiswa.php on line 98.
 1 SYSTEMPATH\CodeIgniter.php(934): App\Controllers\CMahasiswa->updateMahasiswa()
 2 SYSTEMPATH\CodeIgniter.php(499): CodeIgniter\CodeIgniter->runController(Object(App\Controllers\CMahasiswa))
 3 SYSTEMPATH\CodeIgniter.php(368): CodeIgniter\CodeIgniter->handleRequest(null, Object(Config\Cache), false)
 4 FCPATH\index.php(67): CodeIgniter\CodeIgniter->run()
 5 SYSTEMPATH\Commands\Server\rewrite.php(47): require_once('FCPATH\\index.php')
CRITICAL - 2023-02-22 11:14:03 --> Too few arguments to function App\Controllers\CMahasiswa::updateMahasiswa(), 0 passed in C:\xampp\htdocs\PPL CI4\system\CodeIgniter.php on line 934 and exactly 1 expected
in APPPATH\Controllers\CMahasiswa.php on line 98.
 1 SYSTEMPATH\CodeIgniter.php(934): App\Controllers\CMahasiswa->updateMahasiswa()
 2 SYSTEMPATH\CodeIgniter.php(499): CodeIgniter\CodeIgniter->runController(Object(App\Controllers\CMahasiswa))
 3 SYSTEMPATH\CodeIgniter.php(368): CodeIgniter\CodeIgniter->handleRequest(null, Object(Config\Cache), false)
 4 FCPATH\index.php(67): CodeIgniter\CodeIgniter->run()
 5 SYSTEMPATH\Commands\Server\rewrite.php(47): require_once('FCPATH\\index.php')
CRITICAL - 2023-02-22 11:17:01 --> Too few arguments to function App\Controllers\CMahasiswa::update(), 0 passed in C:\xampp\htdocs\PPL CI4\system\CodeIgniter.php on line 934 and exactly 1 expected
in APPPATH\Controllers\CMahasiswa.php on line 98.
 1 SYSTEMPATH\CodeIgniter.php(934): App\Controllers\CMahasiswa->update()
 2 SYSTEMPATH\CodeIgniter.php(499): CodeIgniter\CodeIgniter->runController(Object(App\Controllers\CMahasiswa))
 3 SYSTEMPATH\CodeIgniter.php(368): CodeIgniter\CodeIgniter->handleRequest(null, Object(Config\Cache), false)
 4 FCPATH\index.php(67): CodeIgniter\CodeIgniter->run()
 5 SYSTEMPATH\Commands\Server\rewrite.php(47): require_once('FCPATH\\index.php')
CRITICAL - 2023-02-22 11:18:29 --> Too few arguments to function App\Controllers\CMahasiswa::update(), 0 passed in C:\xampp\htdocs\PPL CI4\system\CodeIgniter.php on line 934 and exactly 1 expected
in APPPATH\Controllers\CMahasiswa.php on line 98.
 1 SYSTEMPATH\CodeIgniter.php(934): App\Controllers\CMahasiswa->update()
 2 SYSTEMPATH\CodeIgniter.php(499): CodeIgniter\CodeIgniter->runController(Object(App\Controllers\CMahasiswa))
 3 SYSTEMPATH\CodeIgniter.php(368): CodeIgniter\CodeIgniter->handleRequest(null, Object(Config\Cache), false)
 4 FCPATH\index.php(67): CodeIgniter\CodeIgniter->run()
 5 SYSTEMPATH\Commands\Server\rewrite.php(47): require_once('FCPATH\\index.php')
CRITICAL - 2023-02-22 11:18:33 --> Too few arguments to function App\Controllers\CMahasiswa::update(), 0 passed in C:\xampp\htdocs\PPL CI4\system\CodeIgniter.php on line 934 and exactly 1 expected
in APPPATH\Controllers\CMahasiswa.php on line 98.
 1 SYSTEMPATH\CodeIgniter.php(934): App\Controllers\CMahasiswa->update()
 2 SYSTEMPATH\CodeIgniter.php(499): CodeIgniter\CodeIgniter->runController(Object(App\Controllers\CMahasiswa))
 3 SYSTEMPATH\CodeIgniter.php(368): CodeIgniter\CodeIgniter->handleRequest(null, Object(Config\Cache), false)
 4 FCPATH\index.php(67): CodeIgniter\CodeIgniter->run()
 5 SYSTEMPATH\Commands\Server\rewrite.php(47): require_once('FCPATH\\index.php')
