CRITICAL - 2023-02-05 11:06:20 --> Invalid file: "mahasiswa/index.php"
in SYSTEMPATH\Exceptions\FrameworkException.php on line 33.
 1 SYSTEMPATH\View\View.php(201): CodeIgniter\Exceptions\FrameworkException::forInvalidFile('mahasiswa/index.php')
 2 SYSTEMPATH\Common.php(1177): CodeIgniter\View\View->render('mahasiswa/index', [], true)
 3 APPPATH\Controllers\CMahasiswa.php(17): view('mahasiswa/index', [...])
 4 SYSTEMPATH\CodeIgniter.php(934): App\Controllers\CMahasiswa->index()
 5 SYSTEMPATH\CodeIgniter.php(499): CodeIgniter\CodeIgniter->runController(Object(App\Controllers\CMahasiswa))
 6 SYSTEMPATH\CodeIgniter.php(368): CodeIgniter\CodeIgniter->handleRequest(null, Object(Config\Cache), false)
 7 FCPATH\index.php(67): CodeIgniter\CodeIgniter->run()
 8 SYSTEMPATH\Commands\Server\rewrite.php(47): require_once('FCPATH\\index.php')
CRITICAL - 2023-02-05 11:08:04 --> Invalid file: "mahasiswa/index.php"
in SYSTEMPATH\Exceptions\FrameworkException.php on line 33.
 1 SYSTEMPATH\View\View.php(201): CodeIgniter\Exceptions\FrameworkException::forInvalidFile('mahasiswa/index.php')
 2 SYSTEMPATH\Common.php(1177): CodeIgniter\View\View->render('mahasiswa/index', [], true)
 3 APPPATH\Controllers\CMahasiswa.php(17): view('mahasiswa/index', [...])
 4 SYSTEMPATH\CodeIgniter.php(934): App\Controllers\CMahasiswa->index()
 5 SYSTEMPATH\CodeIgniter.php(499): CodeIgniter\CodeIgniter->runController(Object(App\Controllers\CMahasiswa))
 6 SYSTEMPATH\CodeIgniter.php(368): CodeIgniter\CodeIgniter->handleRequest(null, Object(Config\Cache), false)
 7 FCPATH\index.php(67): CodeIgniter\CodeIgniter->run()
 8 SYSTEMPATH\Commands\Server\rewrite.php(47): require_once('FCPATH\\index.php')
CRITICAL - 2023-02-05 11:12:39 --> Invalid file: "mahasiswa/index.php"
in SYSTEMPATH\Exceptions\FrameworkException.php on line 33.
 1 SYSTEMPATH\View\View.php(201): CodeIgniter\Exceptions\FrameworkException::forInvalidFile('mahasiswa/index.php')
 2 SYSTEMPATH\Common.php(1177): CodeIgniter\View\View->render('mahasiswa/index', [], true)
 3 APPPATH\Controllers\CMahasiswa.php(17): view('mahasiswa/index', [...])
 4 SYSTEMPATH\CodeIgniter.php(934): App\Controllers\CMahasiswa->index()
 5 SYSTEMPATH\CodeIgniter.php(499): CodeIgniter\CodeIgniter->runController(Object(App\Controllers\CMahasiswa))
 6 SYSTEMPATH\CodeIgniter.php(368): CodeIgniter\CodeIgniter->handleRequest(null, Object(Config\Cache), false)
 7 FCPATH\index.php(67): CodeIgniter\CodeIgniter->run()
 8 SYSTEMPATH\Commands\Server\rewrite.php(47): require_once('FCPATH\\index.php')
CRITICAL - 2023-02-05 11:16:35 --> Invalid file: "MMahasiswa/index.php"
in SYSTEMPATH\Exceptions\FrameworkException.php on line 33.
 1 SYSTEMPATH\View\View.php(201): CodeIgniter\Exceptions\FrameworkException::forInvalidFile('MMahasiswa/index.php')
 2 SYSTEMPATH\Common.php(1177): CodeIgniter\View\View->render('MMahasiswa/index', [], true)
 3 APPPATH\Controllers\CMahasiswa.php(17): view('MMahasiswa/index', [...])
 4 SYSTEMPATH\CodeIgniter.php(934): App\Controllers\CMahasiswa->index()
 5 SYSTEMPATH\CodeIgniter.php(499): CodeIgniter\CodeIgniter->runController(Object(App\Controllers\CMahasiswa))
 6 SYSTEMPATH\CodeIgniter.php(368): CodeIgniter\CodeIgniter->handleRequest(null, Object(Config\Cache), false)
 7 FCPATH\index.php(67): CodeIgniter\CodeIgniter->run()
 8 SYSTEMPATH\Commands\Server\rewrite.php(47): require_once('FCPATH\\index.php')
CRITICAL - 2023-02-05 11:17:45 --> Invalid file: "VMahasiswa/index.php"
in SYSTEMPATH\Exceptions\FrameworkException.php on line 33.
 1 SYSTEMPATH\View\View.php(201): CodeIgniter\Exceptions\FrameworkException::forInvalidFile('VMahasiswa/index.php')
 2 SYSTEMPATH\Common.php(1177): CodeIgniter\View\View->render('VMahasiswa/index', [], true)
 3 APPPATH\Controllers\CMahasiswa.php(17): view('VMahasiswa/index', [...])
 4 SYSTEMPATH\CodeIgniter.php(934): App\Controllers\CMahasiswa->index()
 5 SYSTEMPATH\CodeIgniter.php(499): CodeIgniter\CodeIgniter->runController(Object(App\Controllers\CMahasiswa))
 6 SYSTEMPATH\CodeIgniter.php(368): CodeIgniter\CodeIgniter->handleRequest(null, Object(Config\Cache), false)
 7 FCPATH\index.php(67): CodeIgniter\CodeIgniter->run()
 8 SYSTEMPATH\Commands\Server\rewrite.php(47): require_once('FCPATH\\index.php')
CRITICAL - 2023-02-05 11:17:47 --> Invalid file: "VMahasiswa/index.php"
in SYSTEMPATH\Exceptions\FrameworkException.php on line 33.
 1 SYSTEMPATH\View\View.php(201): CodeIgniter\Exceptions\FrameworkException::forInvalidFile('VMahasiswa/index.php')
 2 SYSTEMPATH\Common.php(1177): CodeIgniter\View\View->render('VMahasiswa/index', [], true)
 3 APPPATH\Controllers\CMahasiswa.php(17): view('VMahasiswa/index', [...])
 4 SYSTEMPATH\CodeIgniter.php(934): App\Controllers\CMahasiswa->index()
 5 SYSTEMPATH\CodeIgniter.php(499): CodeIgniter\CodeIgniter->runController(Object(App\Controllers\CMahasiswa))
 6 SYSTEMPATH\CodeIgniter.php(368): CodeIgniter\CodeIgniter->handleRequest(null, Object(Config\Cache), false)
 7 FCPATH\index.php(67): CodeIgniter\CodeIgniter->run()
 8 SYSTEMPATH\Commands\Server\rewrite.php(47): require_once('FCPATH\\index.php')
CRITICAL - 2023-02-05 11:17:48 --> Invalid file: "VMahasiswa/index.php"
in SYSTEMPATH\Exceptions\FrameworkException.php on line 33.
 1 SYSTEMPATH\View\View.php(201): CodeIgniter\Exceptions\FrameworkException::forInvalidFile('VMahasiswa/index.php')
 2 SYSTEMPATH\Common.php(1177): CodeIgniter\View\View->render('VMahasiswa/index', [], true)
 3 APPPATH\Controllers\CMahasiswa.php(17): view('VMahasiswa/index', [...])
 4 SYSTEMPATH\CodeIgniter.php(934): App\Controllers\CMahasiswa->index()
 5 SYSTEMPATH\CodeIgniter.php(499): CodeIgniter\CodeIgniter->runController(Object(App\Controllers\CMahasiswa))
 6 SYSTEMPATH\CodeIgniter.php(368): CodeIgniter\CodeIgniter->handleRequest(null, Object(Config\Cache), false)
 7 FCPATH\index.php(67): CodeIgniter\CodeIgniter->run()
 8 SYSTEMPATH\Commands\Server\rewrite.php(47): require_once('FCPATH\\index.php')
CRITICAL - 2023-02-05 11:18:39 --> Cannot use object of type stdClass as array
in APPPATH\Views\VMahasiswa.php on line 28.
 1 SYSTEMPATH\View\View.php(213): include()
 2 SYSTEMPATH\View\View.php(216): CodeIgniter\View\View->CodeIgniter\View\{closure}()
 3 SYSTEMPATH\Common.php(1177): CodeIgniter\View\View->render('VMahasiswa', [], true)
 4 APPPATH\Controllers\CMahasiswa.php(19): view('VMahasiswa', [...])
 5 SYSTEMPATH\CodeIgniter.php(934): App\Controllers\CMahasiswa->index()
 6 SYSTEMPATH\CodeIgniter.php(499): CodeIgniter\CodeIgniter->runController(Object(App\Controllers\CMahasiswa))
 7 SYSTEMPATH\CodeIgniter.php(368): CodeIgniter\CodeIgniter->handleRequest(null, Object(Config\Cache), false)
 8 FCPATH\index.php(67): CodeIgniter\CodeIgniter->run()
 9 SYSTEMPATH\Commands\Server\rewrite.php(47): require_once('FCPATH\\index.php')
CRITICAL - 2023-02-05 11:20:21 --> Cannot use object of type stdClass as array
in APPPATH\Views\VMahasiswa.php on line 28.
 1 SYSTEMPATH\View\View.php(213): include()
 2 SYSTEMPATH\View\View.php(216): CodeIgniter\View\View->CodeIgniter\View\{closure}()
 3 SYSTEMPATH\Common.php(1177): CodeIgniter\View\View->render('VMahasiswa', [], true)
 4 APPPATH\Controllers\CMahasiswa.php(19): view('VMahasiswa', [...])
 5 SYSTEMPATH\CodeIgniter.php(934): App\Controllers\CMahasiswa->index()
 6 SYSTEMPATH\CodeIgniter.php(499): CodeIgniter\CodeIgniter->runController(Object(App\Controllers\CMahasiswa))
 7 SYSTEMPATH\CodeIgniter.php(368): CodeIgniter\CodeIgniter->handleRequest(null, Object(Config\Cache), false)
 8 FCPATH\index.php(67): CodeIgniter\CodeIgniter->run()
 9 SYSTEMPATH\Commands\Server\rewrite.php(47): require_once('FCPATH\\index.php')
CRITICAL - 2023-02-05 11:20:22 --> Cannot use object of type stdClass as array
in APPPATH\Views\VMahasiswa.php on line 28.
 1 SYSTEMPATH\View\View.php(213): include()
 2 SYSTEMPATH\View\View.php(216): CodeIgniter\View\View->CodeIgniter\View\{closure}()
 3 SYSTEMPATH\Common.php(1177): CodeIgniter\View\View->render('VMahasiswa', [], true)
 4 APPPATH\Controllers\CMahasiswa.php(19): view('VMahasiswa', [...])
 5 SYSTEMPATH\CodeIgniter.php(934): App\Controllers\CMahasiswa->index()
 6 SYSTEMPATH\CodeIgniter.php(499): CodeIgniter\CodeIgniter->runController(Object(App\Controllers\CMahasiswa))
 7 SYSTEMPATH\CodeIgniter.php(368): CodeIgniter\CodeIgniter->handleRequest(null, Object(Config\Cache), false)
 8 FCPATH\index.php(67): CodeIgniter\CodeIgniter->run()
 9 SYSTEMPATH\Commands\Server\rewrite.php(47): require_once('FCPATH\\index.php')
CRITICAL - 2023-02-05 11:20:24 --> Cannot use object of type stdClass as array
in APPPATH\Views\VMahasiswa.php on line 28.
 1 SYSTEMPATH\View\View.php(213): include()
 2 SYSTEMPATH\View\View.php(216): CodeIgniter\View\View->CodeIgniter\View\{closure}()
 3 SYSTEMPATH\Common.php(1177): CodeIgniter\View\View->render('VMahasiswa', [], true)
 4 APPPATH\Controllers\CMahasiswa.php(19): view('VMahasiswa', [...])
 5 SYSTEMPATH\CodeIgniter.php(934): App\Controllers\CMahasiswa->index()
 6 SYSTEMPATH\CodeIgniter.php(499): CodeIgniter\CodeIgniter->runController(Object(App\Controllers\CMahasiswa))
 7 SYSTEMPATH\CodeIgniter.php(368): CodeIgniter\CodeIgniter->handleRequest(null, Object(Config\Cache), false)
 8 FCPATH\index.php(67): CodeIgniter\CodeIgniter->run()
 9 SYSTEMPATH\Commands\Server\rewrite.php(47): require_once('FCPATH\\index.php')
CRITICAL - 2023-02-05 11:22:49 --> Cannot use object of type stdClass as array
in APPPATH\Views\VMahasiswa.php on line 28.
 1 SYSTEMPATH\View\View.php(213): include()
 2 SYSTEMPATH\View\View.php(216): CodeIgniter\View\View->CodeIgniter\View\{closure}()
 3 SYSTEMPATH\Common.php(1177): CodeIgniter\View\View->render('VMahasiswa', [], true)
 4 APPPATH\Controllers\CMahasiswa.php(19): view('VMahasiswa', [...])
 5 SYSTEMPATH\CodeIgniter.php(934): App\Controllers\CMahasiswa->index()
 6 SYSTEMPATH\CodeIgniter.php(499): CodeIgniter\CodeIgniter->runController(Object(App\Controllers\CMahasiswa))
 7 SYSTEMPATH\CodeIgniter.php(368): CodeIgniter\CodeIgniter->handleRequest(null, Object(Config\Cache), false)
 8 FCPATH\index.php(67): CodeIgniter\CodeIgniter->run()
 9 SYSTEMPATH\Commands\Server\rewrite.php(47): require_once('FCPATH\\index.php')
CRITICAL - 2023-02-05 11:27:04 --> Cannot use object of type stdClass as array
in APPPATH\Views\VMahasiswa.php on line 32.
 1 SYSTEMPATH\View\View.php(213): include()
 2 SYSTEMPATH\View\View.php(216): CodeIgniter\View\View->CodeIgniter\View\{closure}()
 3 SYSTEMPATH\Common.php(1177): CodeIgniter\View\View->render('VMahasiswa', [], true)
 4 APPPATH\Controllers\CMahasiswa.php(19): view('VMahasiswa', [...])
 5 SYSTEMPATH\CodeIgniter.php(934): App\Controllers\CMahasiswa->index()
 6 SYSTEMPATH\CodeIgniter.php(499): CodeIgniter\CodeIgniter->runController(Object(App\Controllers\CMahasiswa))
 7 SYSTEMPATH\CodeIgniter.php(368): CodeIgniter\CodeIgniter->handleRequest(null, Object(Config\Cache), false)
 8 FCPATH\index.php(67): CodeIgniter\CodeIgniter->run()
 9 SYSTEMPATH\Commands\Server\rewrite.php(47): require_once('FCPATH\\index.php')
