CRITICAL - 2023-02-14 02:21:21 --> syntax error, unexpected identifier "header"
in APPPATH\Controllers\CMahasiswa.php on line 89.
 1 SYSTEMPATH\Autoloader\Autoloader.php(289): CodeIgniter\Autoloader\Autoloader->includeFile('APPPATH\\Controllers\\CMahasiswa.php')
 2 SYSTEMPATH\Autoloader\Autoloader.php(267): CodeIgniter\Autoloader\Autoloader->loadInNamespace('App\\Controllers\\CMahasiswa')
 3 [internal function]: CodeIgniter\Autoloader\Autoloader->loadClass('App\\Controllers\\CMahasiswa')
 4 SYSTEMPATH\CodeIgniter.php(892): class_exists('\\App\\Controllers\\CMahasiswa', true)
 5 SYSTEMPATH\CodeIgniter.php(486): CodeIgniter\CodeIgniter->startController()
 6 SYSTEMPATH\CodeIgniter.php(368): CodeIgniter\CodeIgniter->handleRequest(null, Object(Config\Cache), false)
 7 FCPATH\index.php(67): CodeIgniter\CodeIgniter->run()
 8 SYSTEMPATH\Commands\Server\rewrite.php(47): require_once('FCPATH\\index.php')
CRITICAL - 2023-02-14 06:34:39 --> Invalid file: "layout/VMahasiswa.php"
in SYSTEMPATH\Exceptions\FrameworkException.php on line 33.
 1 SYSTEMPATH\View\View.php(201): CodeIgniter\Exceptions\FrameworkException::forInvalidFile('layout/VMahasiswa.php')
 2 SYSTEMPATH\Common.php(1177): CodeIgniter\View\View->render('layout/VMahasiswa', [], true)
 3 APPPATH\Controllers\CMahasiswa.php(17): view('layout/VMahasiswa', [...])
 4 SYSTEMPATH\CodeIgniter.php(934): App\Controllers\CMahasiswa->index()
 5 SYSTEMPATH\CodeIgniter.php(499): CodeIgniter\CodeIgniter->runController(Object(App\Controllers\CMahasiswa))
 6 SYSTEMPATH\CodeIgniter.php(368): CodeIgniter\CodeIgniter->handleRequest(null, Object(Config\Cache), false)
 7 FCPATH\index.php(67): CodeIgniter\CodeIgniter->run()
 8 SYSTEMPATH\Commands\Server\rewrite.php(47): require_once('FCPATH\\index.php')
CRITICAL - 2023-02-14 06:35:58 --> Invalid file: "layout/VMahasiswa.php"
in SYSTEMPATH\Exceptions\FrameworkException.php on line 33.
 1 SYSTEMPATH\View\View.php(201): CodeIgniter\Exceptions\FrameworkException::forInvalidFile('layout/VMahasiswa.php')
 2 SYSTEMPATH\Common.php(1177): CodeIgniter\View\View->render('layout/VMahasiswa', [], true)
 3 APPPATH\Controllers\CMahasiswa.php(17): view('layout/VMahasiswa', [...])
 4 SYSTEMPATH\CodeIgniter.php(934): App\Controllers\CMahasiswa->index()
 5 SYSTEMPATH\CodeIgniter.php(499): CodeIgniter\CodeIgniter->runController(Object(App\Controllers\CMahasiswa))
 6 SYSTEMPATH\CodeIgniter.php(368): CodeIgniter\CodeIgniter->handleRequest(null, Object(Config\Cache), false)
 7 FCPATH\index.php(67): CodeIgniter\CodeIgniter->run()
 8 SYSTEMPATH\Commands\Server\rewrite.php(47): require_once('FCPATH\\index.php')
CRITICAL - 2023-02-14 06:36:14 --> Invalid file: "layout/VMahasiswa.php"
in SYSTEMPATH\Exceptions\FrameworkException.php on line 33.
 1 SYSTEMPATH\View\View.php(201): CodeIgniter\Exceptions\FrameworkException::forInvalidFile('layout/VMahasiswa.php')
 2 SYSTEMPATH\Common.php(1177): CodeIgniter\View\View->render('layout/VMahasiswa', [], true)
 3 APPPATH\Controllers\CMahasiswa.php(17): view('layout/VMahasiswa', [...])
 4 SYSTEMPATH\CodeIgniter.php(934): App\Controllers\CMahasiswa->index()
 5 SYSTEMPATH\CodeIgniter.php(499): CodeIgniter\CodeIgniter->runController(Object(App\Controllers\CMahasiswa))
 6 SYSTEMPATH\CodeIgniter.php(368): CodeIgniter\CodeIgniter->handleRequest(null, Object(Config\Cache), false)
 7 FCPATH\index.php(67): CodeIgniter\CodeIgniter->run()
 8 SYSTEMPATH\Commands\Server\rewrite.php(47): require_once('FCPATH\\index.php')
CRITICAL - 2023-02-14 07:02:35 --> Undefined variable $row
in APPPATH\Views\VMahasiswa.php on line 52.
 1 APPPATH\Views\VMahasiswa.php(52): CodeIgniter\Debug\Exceptions->errorHandler(2, 'Undefined variable $row', 'APPPATH\\Views\\VMahasiswa.php', 52)
 2 SYSTEMPATH\View\View.php(213): include('APPPATH\\Views\\VMahasiswa.php')
 3 SYSTEMPATH\View\View.php(216): CodeIgniter\View\View->CodeIgniter\View\{closure}()
 4 SYSTEMPATH\Common.php(1177): CodeIgniter\View\View->render('VMahasiswa', [], true)
 5 APPPATH\Controllers\CMahasiswa.php(19): view('VMahasiswa', [...])
 6 SYSTEMPATH\CodeIgniter.php(934): App\Controllers\CMahasiswa->index()
 7 SYSTEMPATH\CodeIgniter.php(499): CodeIgniter\CodeIgniter->runController(Object(App\Controllers\CMahasiswa))
 8 SYSTEMPATH\CodeIgniter.php(368): CodeIgniter\CodeIgniter->handleRequest(null, Object(Config\Cache), false)
 9 FCPATH\index.php(67): CodeIgniter\CodeIgniter->run()
10 SYSTEMPATH\Commands\Server\rewrite.php(47): require_once('FCPATH\\index.php')
CRITICAL - 2023-02-14 07:03:37 --> Undefined variable $row
in APPPATH\Views\VMahasiswa.php on line 52.
 1 APPPATH\Views\VMahasiswa.php(52): CodeIgniter\Debug\Exceptions->errorHandler(2, 'Undefined variable $row', 'APPPATH\\Views\\VMahasiswa.php', 52)
 2 SYSTEMPATH\View\View.php(213): include('APPPATH\\Views\\VMahasiswa.php')
 3 SYSTEMPATH\View\View.php(216): CodeIgniter\View\View->CodeIgniter\View\{closure}()
 4 SYSTEMPATH\Common.php(1177): CodeIgniter\View\View->render('VMahasiswa', [], true)
 5 APPPATH\Controllers\CMahasiswa.php(19): view('VMahasiswa', [...])
 6 SYSTEMPATH\CodeIgniter.php(934): App\Controllers\CMahasiswa->index()
 7 SYSTEMPATH\CodeIgniter.php(499): CodeIgniter\CodeIgniter->runController(Object(App\Controllers\CMahasiswa))
 8 SYSTEMPATH\CodeIgniter.php(368): CodeIgniter\CodeIgniter->handleRequest(null, Object(Config\Cache), false)
 9 FCPATH\index.php(67): CodeIgniter\CodeIgniter->run()
10 SYSTEMPATH\Commands\Server\rewrite.php(47): require_once('FCPATH\\index.php')
CRITICAL - 2023-02-14 07:03:38 --> Undefined variable $row
in APPPATH\Views\VMahasiswa.php on line 52.
 1 APPPATH\Views\VMahasiswa.php(52): CodeIgniter\Debug\Exceptions->errorHandler(2, 'Undefined variable $row', 'APPPATH\\Views\\VMahasiswa.php', 52)
 2 SYSTEMPATH\View\View.php(213): include('APPPATH\\Views\\VMahasiswa.php')
 3 SYSTEMPATH\View\View.php(216): CodeIgniter\View\View->CodeIgniter\View\{closure}()
 4 SYSTEMPATH\Common.php(1177): CodeIgniter\View\View->render('VMahasiswa', [], true)
 5 APPPATH\Controllers\CMahasiswa.php(19): view('VMahasiswa', [...])
 6 SYSTEMPATH\CodeIgniter.php(934): App\Controllers\CMahasiswa->index()
 7 SYSTEMPATH\CodeIgniter.php(499): CodeIgniter\CodeIgniter->runController(Object(App\Controllers\CMahasiswa))
 8 SYSTEMPATH\CodeIgniter.php(368): CodeIgniter\CodeIgniter->handleRequest(null, Object(Config\Cache), false)
 9 FCPATH\index.php(67): CodeIgniter\CodeIgniter->run()
10 SYSTEMPATH\Commands\Server\rewrite.php(47): require_once('FCPATH\\index.php')
CRITICAL - 2023-02-14 07:04:39 --> Undefined variable $row
in APPPATH\Views\VMahasiswa.php on line 52.
 1 APPPATH\Views\VMahasiswa.php(52): CodeIgniter\Debug\Exceptions->errorHandler(2, 'Undefined variable $row', 'APPPATH\\Views\\VMahasiswa.php', 52)
 2 SYSTEMPATH\View\View.php(213): include('APPPATH\\Views\\VMahasiswa.php')
 3 SYSTEMPATH\View\View.php(216): CodeIgniter\View\View->CodeIgniter\View\{closure}()
 4 SYSTEMPATH\Common.php(1177): CodeIgniter\View\View->render('VMahasiswa', [], true)
 5 APPPATH\Controllers\CMahasiswa.php(19): view('VMahasiswa', [...])
 6 SYSTEMPATH\CodeIgniter.php(934): App\Controllers\CMahasiswa->index()
 7 SYSTEMPATH\CodeIgniter.php(499): CodeIgniter\CodeIgniter->runController(Object(App\Controllers\CMahasiswa))
 8 SYSTEMPATH\CodeIgniter.php(368): CodeIgniter\CodeIgniter->handleRequest(null, Object(Config\Cache), false)
 9 FCPATH\index.php(67): CodeIgniter\CodeIgniter->run()
10 SYSTEMPATH\Commands\Server\rewrite.php(47): require_once('FCPATH\\index.php')
CRITICAL - 2023-02-14 07:04:51 --> Undefined variable $row
in APPPATH\Views\VMahasiswa.php on line 52.
 1 APPPATH\Views\VMahasiswa.php(52): CodeIgniter\Debug\Exceptions->errorHandler(2, 'Undefined variable $row', 'APPPATH\\Views\\VMahasiswa.php', 52)
 2 SYSTEMPATH\View\View.php(213): include('APPPATH\\Views\\VMahasiswa.php')
 3 SYSTEMPATH\View\View.php(216): CodeIgniter\View\View->CodeIgniter\View\{closure}()
 4 SYSTEMPATH\Common.php(1177): CodeIgniter\View\View->render('VMahasiswa', [], true)
 5 APPPATH\Controllers\CMahasiswa.php(19): view('VMahasiswa', [...])
 6 SYSTEMPATH\CodeIgniter.php(934): App\Controllers\CMahasiswa->index()
 7 SYSTEMPATH\CodeIgniter.php(499): CodeIgniter\CodeIgniter->runController(Object(App\Controllers\CMahasiswa))
 8 SYSTEMPATH\CodeIgniter.php(368): CodeIgniter\CodeIgniter->handleRequest(null, Object(Config\Cache), false)
 9 FCPATH\index.php(67): CodeIgniter\CodeIgniter->run()
10 SYSTEMPATH\Commands\Server\rewrite.php(47): require_once('FCPATH\\index.php')
ERROR - 2023-02-14 07:12:27 --> mysqli_sql_exception: Unknown column 'id' in 'where clause' in C:\xampp\htdocs\PPL CI4\system\Database\MySQLi\Connection.php:295
Stack trace:
#0 C:\xampp\htdocs\PPL CI4\system\Database\MySQLi\Connection.php(295): mysqli->query('SELECT * FROM a...', 0)
#1 C:\xampp\htdocs\PPL CI4\system\Database\BaseConnection.php(691): CodeIgniter\Database\MySQLi\Connection->execute('SELECT * FROM a...')
#2 C:\xampp\htdocs\PPL CI4\system\Database\BaseConnection.php(605): CodeIgniter\Database\BaseConnection->simpleQuery('SELECT * FROM a...')
#3 C:\xampp\htdocs\PPL CI4\app\Models\MMahasiswa.php(25): CodeIgniter\Database\BaseConnection->query('SELECT * FROM a...')
#4 C:\xampp\htdocs\PPL CI4\app\Controllers\CMahasiswa.php(104): App\Models\MMahasiswa->getMahasiswa('211511059')
#5 C:\xampp\htdocs\PPL CI4\system\CodeIgniter.php(934): App\Controllers\CMahasiswa->detail('211511059')
#6 C:\xampp\htdocs\PPL CI4\system\CodeIgniter.php(499): CodeIgniter\CodeIgniter->runController(Object(App\Controllers\CMahasiswa))
#7 C:\xampp\htdocs\PPL CI4\system\CodeIgniter.php(368): CodeIgniter\CodeIgniter->handleRequest(NULL, Object(Config\Cache), false)
#8 C:\xampp\htdocs\PPL CI4\public\index.php(67): CodeIgniter\CodeIgniter->run()
#9 C:\xampp\htdocs\PPL CI4\system\Commands\Server\rewrite.php(47): require_once('C:\\xampp\\htdocs...')
#10 {main}
CRITICAL - 2023-02-14 07:12:27 --> Unknown column 'id' in 'where clause'
in SYSTEMPATH\Database\BaseConnection.php on line 645.
 1 APPPATH\Models\MMahasiswa.php(25): CodeIgniter\Database\BaseConnection->query('SELECT * FROM akademis WHERE id = \'211511059\' ')
 2 APPPATH\Controllers\CMahasiswa.php(104): App\Models\MMahasiswa->getMahasiswa('211511059')
 3 SYSTEMPATH\CodeIgniter.php(934): App\Controllers\CMahasiswa->detail('211511059')
 4 SYSTEMPATH\CodeIgniter.php(499): CodeIgniter\CodeIgniter->runController(Object(App\Controllers\CMahasiswa))
 5 SYSTEMPATH\CodeIgniter.php(368): CodeIgniter\CodeIgniter->handleRequest(null, Object(Config\Cache), false)
 6 FCPATH\index.php(67): CodeIgniter\CodeIgniter->run()
 7 SYSTEMPATH\Commands\Server\rewrite.php(47): require_once('FCPATH\\index.php')
CRITICAL - 2023-02-14 07:13:29 --> Undefined variable $nim
in APPPATH\Models\MMahasiswa.php on line 25.
 1 APPPATH\Models\MMahasiswa.php(25): CodeIgniter\Debug\Exceptions->errorHandler(2, 'Undefined variable $nim', 'APPPATH\\Models\\MMahasiswa.php', 25)
 2 APPPATH\Controllers\CMahasiswa.php(104): App\Models\MMahasiswa->getMahasiswa('211511059')
 3 SYSTEMPATH\CodeIgniter.php(934): App\Controllers\CMahasiswa->detail('211511059')
 4 SYSTEMPATH\CodeIgniter.php(499): CodeIgniter\CodeIgniter->runController(Object(App\Controllers\CMahasiswa))
 5 SYSTEMPATH\CodeIgniter.php(368): CodeIgniter\CodeIgniter->handleRequest(null, Object(Config\Cache), false)
 6 FCPATH\index.php(67): CodeIgniter\CodeIgniter->run()
 7 SYSTEMPATH\Commands\Server\rewrite.php(47): require_once('FCPATH\\index.php')
CRITICAL - 2023-02-14 07:14:17 --> Undefined variable $nim
in APPPATH\Models\MMahasiswa.php on line 25.
 1 APPPATH\Models\MMahasiswa.php(25): CodeIgniter\Debug\Exceptions->errorHandler(2, 'Undefined variable $nim', 'APPPATH\\Models\\MMahasiswa.php', 25)
 2 APPPATH\Controllers\CMahasiswa.php(104): App\Models\MMahasiswa->getMahasiswa('211511059')
 3 SYSTEMPATH\CodeIgniter.php(934): App\Controllers\CMahasiswa->detail('211511059')
 4 SYSTEMPATH\CodeIgniter.php(499): CodeIgniter\CodeIgniter->runController(Object(App\Controllers\CMahasiswa))
 5 SYSTEMPATH\CodeIgniter.php(368): CodeIgniter\CodeIgniter->handleRequest(null, Object(Config\Cache), false)
 6 FCPATH\index.php(67): CodeIgniter\CodeIgniter->run()
 7 SYSTEMPATH\Commands\Server\rewrite.php(47): require_once('FCPATH\\index.php')
ERROR - 2023-02-14 07:14:30 --> mysqli_sql_exception: Unknown column 'id' in 'where clause' in C:\xampp\htdocs\PPL CI4\system\Database\MySQLi\Connection.php:295
Stack trace:
#0 C:\xampp\htdocs\PPL CI4\system\Database\MySQLi\Connection.php(295): mysqli->query('SELECT * FROM a...', 0)
#1 C:\xampp\htdocs\PPL CI4\system\Database\BaseConnection.php(691): CodeIgniter\Database\MySQLi\Connection->execute('SELECT * FROM a...')
#2 C:\xampp\htdocs\PPL CI4\system\Database\BaseConnection.php(605): CodeIgniter\Database\BaseConnection->simpleQuery('SELECT * FROM a...')
#3 C:\xampp\htdocs\PPL CI4\app\Models\MMahasiswa.php(25): CodeIgniter\Database\BaseConnection->query('SELECT * FROM a...')
#4 C:\xampp\htdocs\PPL CI4\app\Controllers\CMahasiswa.php(104): App\Models\MMahasiswa->getMahasiswa('211511059')
#5 C:\xampp\htdocs\PPL CI4\system\CodeIgniter.php(934): App\Controllers\CMahasiswa->detail('211511059')
#6 C:\xampp\htdocs\PPL CI4\system\CodeIgniter.php(499): CodeIgniter\CodeIgniter->runController(Object(App\Controllers\CMahasiswa))
#7 C:\xampp\htdocs\PPL CI4\system\CodeIgniter.php(368): CodeIgniter\CodeIgniter->handleRequest(NULL, Object(Config\Cache), false)
#8 C:\xampp\htdocs\PPL CI4\public\index.php(67): CodeIgniter\CodeIgniter->run()
#9 C:\xampp\htdocs\PPL CI4\system\Commands\Server\rewrite.php(47): require_once('C:\\xampp\\htdocs...')
#10 {main}
CRITICAL - 2023-02-14 07:14:30 --> Unknown column 'id' in 'where clause'
in SYSTEMPATH\Database\BaseConnection.php on line 645.
 1 APPPATH\Models\MMahasiswa.php(25): CodeIgniter\Database\BaseConnection->query('SELECT * FROM akademis WHERE id = \'211511059\' ')
 2 APPPATH\Controllers\CMahasiswa.php(104): App\Models\MMahasiswa->getMahasiswa('211511059')
 3 SYSTEMPATH\CodeIgniter.php(934): App\Controllers\CMahasiswa->detail('211511059')
 4 SYSTEMPATH\CodeIgniter.php(499): CodeIgniter\CodeIgniter->runController(Object(App\Controllers\CMahasiswa))
 5 SYSTEMPATH\CodeIgniter.php(368): CodeIgniter\CodeIgniter->handleRequest(null, Object(Config\Cache), false)
 6 FCPATH\index.php(67): CodeIgniter\CodeIgniter->run()
 7 SYSTEMPATH\Commands\Server\rewrite.php(47): require_once('FCPATH\\index.php')
CRITICAL - 2023-02-14 07:15:52 --> Undefined property: stdClass::$id
in APPPATH\Views\VMahasiswa.php on line 52.
 1 APPPATH\Views\VMahasiswa.php(52): CodeIgniter\Debug\Exceptions->errorHandler(2, 'Undefined property: stdClass::$id', 'APPPATH\\Views\\VMahasiswa.php', 52)
 2 SYSTEMPATH\View\View.php(213): include('APPPATH\\Views\\VMahasiswa.php')
 3 SYSTEMPATH\View\View.php(216): CodeIgniter\View\View->CodeIgniter\View\{closure}()
 4 SYSTEMPATH\Common.php(1177): CodeIgniter\View\View->render('VMahasiswa', [], true)
 5 APPPATH\Controllers\CMahasiswa.php(19): view('VMahasiswa', [...])
 6 SYSTEMPATH\CodeIgniter.php(934): App\Controllers\CMahasiswa->index()
 7 SYSTEMPATH\CodeIgniter.php(499): CodeIgniter\CodeIgniter->runController(Object(App\Controllers\CMahasiswa))
 8 SYSTEMPATH\CodeIgniter.php(368): CodeIgniter\CodeIgniter->handleRequest(null, Object(Config\Cache), false)
 9 FCPATH\index.php(67): CodeIgniter\CodeIgniter->run()
10 SYSTEMPATH\Commands\Server\rewrite.php(47): require_once('FCPATH\\index.php')
CRITICAL - 2023-02-14 07:15:57 --> Undefined property: stdClass::$id
in APPPATH\Views\VMahasiswa.php on line 52.
 1 APPPATH\Views\VMahasiswa.php(52): CodeIgniter\Debug\Exceptions->errorHandler(2, 'Undefined property: stdClass::$id', 'APPPATH\\Views\\VMahasiswa.php', 52)
 2 SYSTEMPATH\View\View.php(213): include('APPPATH\\Views\\VMahasiswa.php')
 3 SYSTEMPATH\View\View.php(216): CodeIgniter\View\View->CodeIgniter\View\{closure}()
 4 SYSTEMPATH\Common.php(1177): CodeIgniter\View\View->render('VMahasiswa', [], true)
 5 APPPATH\Controllers\CMahasiswa.php(19): view('VMahasiswa', [...])
 6 SYSTEMPATH\CodeIgniter.php(934): App\Controllers\CMahasiswa->index()
 7 SYSTEMPATH\CodeIgniter.php(499): CodeIgniter\CodeIgniter->runController(Object(App\Controllers\CMahasiswa))
 8 SYSTEMPATH\CodeIgniter.php(368): CodeIgniter\CodeIgniter->handleRequest(null, Object(Config\Cache), false)
 9 FCPATH\index.php(67): CodeIgniter\CodeIgniter->run()
10 SYSTEMPATH\Commands\Server\rewrite.php(47): require_once('FCPATH\\index.php')
CRITICAL - 2023-02-14 07:16:51 --> Undefined property: stdClass::$id
in APPPATH\Views\VMahasiswa.php on line 52.
 1 APPPATH\Views\VMahasiswa.php(52): CodeIgniter\Debug\Exceptions->errorHandler(2, 'Undefined property: stdClass::$id', 'APPPATH\\Views\\VMahasiswa.php', 52)
 2 SYSTEMPATH\View\View.php(213): include('APPPATH\\Views\\VMahasiswa.php')
 3 SYSTEMPATH\View\View.php(216): CodeIgniter\View\View->CodeIgniter\View\{closure}()
 4 SYSTEMPATH\Common.php(1177): CodeIgniter\View\View->render('VMahasiswa', [], true)
 5 APPPATH\Controllers\CMahasiswa.php(19): view('VMahasiswa', [...])
 6 SYSTEMPATH\CodeIgniter.php(934): App\Controllers\CMahasiswa->index()
 7 SYSTEMPATH\CodeIgniter.php(499): CodeIgniter\CodeIgniter->runController(Object(App\Controllers\CMahasiswa))
 8 SYSTEMPATH\CodeIgniter.php(368): CodeIgniter\CodeIgniter->handleRequest(null, Object(Config\Cache), false)
 9 FCPATH\index.php(67): CodeIgniter\CodeIgniter->run()
10 SYSTEMPATH\Commands\Server\rewrite.php(47): require_once('FCPATH\\index.php')
